#
# There is insufficient memory for the Java Runtime Environment to continue.
# Native memory allocation (malloc) failed to allocate 1248496 bytes for Chunk::new
# Possible reasons:
#   The system is out of physical RAM or swap space
#   The process is running with CompressedOops enabled, and the Java Heap may be blocking the growth of the native heap
# Possible solutions:
#   Reduce memory load on the system
#   Increase physical memory or swap space
#   Check if swap backing store is full
#   Decrease Java heap size (-Xmx/-Xms)
#   Decrease number of Java threads
#   Decrease Java thread stack sizes (-Xss)
#   Set larger code cache with -XX:ReservedCodeCacheSize=
#   JVM is running with Zero Based Compressed Oops mode in which the Java heap is
#     placed in the first 32GB address space. The Java Heap base address is the
#     maximum limit for the native heap growth. Please use -XX:HeapBaseMinAddress
#     to set the Java Heap base and to place the Java Heap above 32GB virtual address.
# This output file may be truncated or incomplete.
#
#  Out of Memory Error (./src/hotspot/share/memory/arena.cpp:197), pid=40944, tid=21892
#
# JRE version: OpenJDK Runtime Environment (11.0.11+9) (build 11.0.11+9-b60-7590822)
# Java VM: OpenJDK 64-Bit Server VM (11.0.11+9-b60-7590822, mixed mode, tiered, compressed oops, g1 gc, windows-amd64)
# No core dump will be written. Minidumps are not enabled by default on client versions of Windows
#

---------------  S U M M A R Y ------------

Command Line: org.jetbrains.kotlin.cli.jvm.K2JVMCompiler @F:\proyek\Tadzkiir\app\build\20220617_12128565467039824689.compiler.options

Host: Intel(R) Core(TM) i7-7700HQ CPU @ 2.80GHz, 8 cores, 15G,  Windows 10 , 64 bit Build 19041 (10.0.19041.1706)
Time: Fri Jun 17 13:31:58 2022 SE Asia Standard Time elapsed time: 3.431494 seconds (0d 0h 0m 3s)

---------------  T H R E A D  ---------------

Current thread (0x000001afb66e2800):  JavaThread "C2 CompilerThread0" daemon [_thread_in_native, id=21892, stack(0x0000004001600000,0x0000004001700000)]


Current CompileTask:
C2:   3431 3290       4       org.jetbrains.kotlin.parsing.AbstractKotlinParsing::tt (10 bytes)

Stack: [0x0000004001600000,0x0000004001700000]
Native frames: (J=compiled Java code, j=interpreted, Vv=VM code, C=native code)
V  [jvm.dll+0x5f214a]
V  [jvm.dll+0x726fb5]
V  [jvm.dll+0x7285cd]
V  [jvm.dll+0x728c83]
V  [jvm.dll+0x243278]
V  [jvm.dll+0xbc53c]
V  [jvm.dll+0xbca3c]
V  [jvm.dll+0x2b5c34]
V  [jvm.dll+0x508488]
V  [jvm.dll+0x203d53]
V  [jvm.dll+0x1fdbac]
V  [jvm.dll+0x1fb35f]
V  [jvm.dll+0x183d6c]
V  [jvm.dll+0x209a57]
V  [jvm.dll+0x2082a1]
V  [jvm.dll+0x6ef58f]
V  [jvm.dll+0x6e80b5]
V  [jvm.dll+0x5f1036]
C  [ucrtbase.dll+0x21bb2]
C  [KERNEL32.DLL+0x17034]
C  [ntdll.dll+0x52651]


---------------  P R O C E S S  ---------------

Threads class SMR info:
_java_thread_list=0x000001afba50e440, length=12, elements={
0x000001af94e34800, 0x000001afb5e1d800, 0x000001afb5e1f000, 0x000001afb5e2c000,
0x000001afb5e2e000, 0x000001afb66d5800, 0x000001afb66e2800, 0x000001afb672a800,
0x000001afb672c800, 0x000001afb689d800, 0x000001afbb2ac000, 0x000001afbbed1000
}

Java Threads: ( => current thread )
  0x000001af94e34800 JavaThread "main" [_thread_in_vm, id=36316, stack(0x0000004000a00000,0x0000004000b00000)]
  0x000001afb5e1d800 JavaThread "Reference Handler" daemon [_thread_blocked, id=21468, stack(0x0000004001100000,0x0000004001200000)]
  0x000001afb5e1f000 JavaThread "Finalizer" daemon [_thread_blocked, id=60212, stack(0x0000004001200000,0x0000004001300000)]
  0x000001afb5e2c000 JavaThread "Signal Dispatcher" daemon [_thread_blocked, id=2412, stack(0x0000004001300000,0x0000004001400000)]
  0x000001afb5e2e000 JavaThread "Attach Listener" daemon [_thread_blocked, id=3764, stack(0x0000004001400000,0x0000004001500000)]
  0x000001afb66d5800 JavaThread "Service Thread" daemon [_thread_blocked, id=57600, stack(0x0000004001500000,0x0000004001600000)]
=>0x000001afb66e2800 JavaThread "C2 CompilerThread0" daemon [_thread_in_native, id=21892, stack(0x0000004001600000,0x0000004001700000)]
  0x000001afb672a800 JavaThread "C1 CompilerThread0" daemon [_thread_in_native, id=52080, stack(0x0000004001700000,0x0000004001800000)]
  0x000001afb672c800 JavaThread "Sweeper thread" daemon [_thread_blocked, id=46100, stack(0x0000004001800000,0x0000004001900000)]
  0x000001afb689d800 JavaThread "Common-Cleaner" daemon [_thread_blocked, id=27276, stack(0x0000004001a00000,0x0000004001b00000)]
  0x000001afbb2ac000 JavaThread "C2 CompilerThread1" daemon [_thread_in_native, id=36988, stack(0x0000004002300000,0x0000004002400000)]
  0x000001afbbed1000 JavaThread "C2 CompilerThread2" daemon [_thread_in_native, id=24680, stack(0x0000004002400000,0x0000004002500000)]

Other Threads:
  0x000001afb5e08800 VMThread "VM Thread" [stack: 0x0000004001000000,0x0000004001100000] [id=55208]
  0x000001afb6895000 WatcherThread [stack: 0x0000004001900000,0x0000004001a00000] [id=58928]
  0x000001af94e46800 GCTaskThread "GC Thread#0" [stack: 0x0000004000b00000,0x0000004000c00000] [id=3348]
  0x000001afb6d3b800 GCTaskThread "GC Thread#1" [stack: 0x0000004001d00000,0x0000004001e00000] [id=51308]
  0x000001afb6d3c000 GCTaskThread "GC Thread#2" [stack: 0x0000004001e00000,0x0000004001f00000] [id=52148]
  0x000001afb7108000 GCTaskThread "GC Thread#3" [stack: 0x0000004001f00000,0x0000004002000000] [id=57052]
  0x000001afb7109000 GCTaskThread "GC Thread#4" [stack: 0x0000004002000000,0x0000004002100000] [id=43296]
  0x000001afb70f0800 GCTaskThread "GC Thread#5" [stack: 0x0000004002100000,0x0000004002200000] [id=50084]
  0x000001af94ea4000 ConcurrentGCThread "G1 Main Marker" [stack: 0x0000004000c00000,0x0000004000d00000] [id=55812]
  0x000001af94ea5800 ConcurrentGCThread "G1 Conc#0" [stack: 0x0000004000d00000,0x0000004000e00000] [id=41616]
  0x000001afb71c3000 ConcurrentGCThread "G1 Conc#1" [stack: 0x0000004002200000,0x0000004002300000] [id=58564]
  0x000001afb5cee000 ConcurrentGCThread "G1 Refine#0" [stack: 0x0000004000e00000,0x0000004000f00000] [id=58768]
  0x000001afbb9da800 ConcurrentGCThread "G1 Refine#1" [stack: 0x0000004001b00000,0x0000004001c00000] [id=56628]
  0x000001afbb9d7800 ConcurrentGCThread "G1 Refine#2" [stack: 0x0000004001c00000,0x0000004001d00000] [id=47336]
  0x000001afb5cef000 ConcurrentGCThread "G1 Young RemSet Sampling" [stack: 0x0000004000f00000,0x0000004001000000] [id=61396]

Threads with active compile tasks:
C2 CompilerThread0   3452 3290       4       org.jetbrains.kotlin.parsing.AbstractKotlinParsing::tt (10 bytes)
C1 CompilerThread0   3452 3493       2       org.jetbrains.kotlin.parsing.KotlinParsing::parseTypeRefContents (543 bytes)
C2 CompilerThread1   3452 3275       4       org.jetbrains.kotlin.parsing.AbstractKotlinParsing::at (114 bytes)
C2 CompilerThread2   3452 3323       4       org.jetbrains.kotlin.parsing.SemanticWhitespaceAwarePsiBuilderImpl::getTokenType (22 bytes)

VM state:not at safepoint (normal execution)

VM Mutex/Monitor currently owned by a thread: None

Heap address: 0x0000000701c00000, size: 4068 MB, Compressed Oops mode: Zero based, Oop shift amount: 3
Narrow klass base: 0x0000000800000000, Narrow klass shift: 0
Compressed class space size: 1073741824 Address: 0x0000000800000000

Heap:
 garbage-first heap   total 262144K, used 68528K [0x0000000701c00000, 0x0000000800000000)
  region size 1024K, 48 young (49152K), 1 survivors (1024K)
 Metaspace       used 44054K, capacity 44618K, committed 44956K, reserved 1089536K
  class space    used 5213K, capacity 5408K, committed 5452K, reserved 1048576K
Heap Regions: E=young(eden), S=young(survivor), O=old, HS=humongous(starts), HC=humongous(continues), CS=collection set, F=free, A=archive, TAMS=top-at-mark-start (previous, next)
|   0|0x0000000701c00000, 0x0000000701d00000, 0x0000000701d00000|100%|HS|  |TAMS 0x0000000701d00000, 0x0000000701c00000| Complete 
|   1|0x0000000701d00000, 0x0000000701e00000, 0x0000000701e00000|100%|HC|  |TAMS 0x0000000701e00000, 0x0000000701d00000| Complete 
|   2|0x0000000701e00000, 0x0000000701f00000, 0x0000000701f00000|100%|HC|  |TAMS 0x0000000701f00000, 0x0000000701e00000| Complete 
|   3|0x0000000701f00000, 0x0000000702000000, 0x0000000702000000|100%|HS|  |TAMS 0x0000000702000000, 0x0000000701f00000| Complete 
|   4|0x0000000702000000, 0x0000000702100000, 0x0000000702100000|100%|HC|  |TAMS 0x0000000702100000, 0x0000000702000000| Complete 
|   5|0x0000000702100000, 0x0000000702200000, 0x0000000702200000|100%|HC|  |TAMS 0x0000000702200000, 0x0000000702100000| Complete 
|   6|0x0000000702200000, 0x0000000702300000, 0x0000000702300000|100%|HS|  |TAMS 0x0000000702300000, 0x0000000702200000| Complete 
|   7|0x0000000702300000, 0x0000000702400000, 0x0000000702400000|100%|HC|  |TAMS 0x0000000702400000, 0x0000000702300000| Complete 
|   8|0x0000000702400000, 0x0000000702500000, 0x0000000702500000|100%| O|  |TAMS 0x0000000702500000, 0x0000000702400000| Untracked 
|   9|0x0000000702500000, 0x0000000702600000, 0x0000000702600000|100%| O|  |TAMS 0x0000000702600000, 0x0000000702500000| Untracked 
|  10|0x0000000702600000, 0x0000000702700000, 0x0000000702700000|100%| O|  |TAMS 0x0000000702700000, 0x0000000702600000| Untracked 
|  11|0x0000000702700000, 0x0000000702800000, 0x0000000702800000|100%| O|  |TAMS 0x0000000702800000, 0x0000000702700000| Untracked 
|  12|0x0000000702800000, 0x0000000702900000, 0x0000000702900000|100%| O|  |TAMS 0x0000000702900000, 0x0000000702800000| Untracked 
|  13|0x0000000702900000, 0x0000000702a00000, 0x0000000702a00000|100%| O|  |TAMS 0x0000000702a00000, 0x0000000702900000| Untracked 
|  14|0x0000000702a00000, 0x0000000702b00000, 0x0000000702b00000|100%| O|  |TAMS 0x0000000702b00000, 0x0000000702a00000| Untracked 
|  15|0x0000000702b00000, 0x0000000702c00000, 0x0000000702c00000|100%| O|  |TAMS 0x0000000702c00000, 0x0000000702b00000| Untracked 
|  16|0x0000000702c00000, 0x0000000702d00000, 0x0000000702d00000|100%| O|  |TAMS 0x0000000702d00000, 0x0000000702c00000| Untracked 
|  17|0x0000000702d00000, 0x0000000702e00000, 0x0000000702e00000|100%| O|  |TAMS 0x0000000702e00000, 0x0000000702d00000| Untracked 
|  18|0x0000000702e00000, 0x0000000702f00000, 0x0000000702f00000|100%| O|  |TAMS 0x0000000702f00000, 0x0000000702e00000| Untracked 
|  19|0x0000000702f00000, 0x0000000703000000, 0x0000000703000000|100%| O|  |TAMS 0x0000000703000000, 0x0000000702f00000| Untracked 
|  20|0x0000000703000000, 0x00000007030ec200, 0x0000000703100000| 92%| O|  |TAMS 0x00000007030ec200, 0x0000000703000000| Untracked 
|  21|0x0000000703100000, 0x0000000703100000, 0x0000000703200000|  0%| F|  |TAMS 0x0000000703100000, 0x0000000703100000| Untracked 
|  22|0x0000000703200000, 0x0000000703200000, 0x0000000703300000|  0%| F|  |TAMS 0x0000000703200000, 0x0000000703200000| Untracked 
|  23|0x0000000703300000, 0x0000000703300000, 0x0000000703400000|  0%| F|  |TAMS 0x0000000703300000, 0x0000000703300000| Untracked 
|  24|0x0000000703400000, 0x0000000703400000, 0x0000000703500000|  0%| F|  |TAMS 0x0000000703400000, 0x0000000703400000| Untracked 
|  25|0x0000000703500000, 0x0000000703500000, 0x0000000703600000|  0%| F|  |TAMS 0x0000000703500000, 0x0000000703500000| Untracked 
|  26|0x0000000703600000, 0x0000000703600000, 0x0000000703700000|  0%| F|  |TAMS 0x0000000703600000, 0x0000000703600000| Untracked 
|  27|0x0000000703700000, 0x0000000703700000, 0x0000000703800000|  0%| F|  |TAMS 0x0000000703700000, 0x0000000703700000| Untracked 
|  28|0x0000000703800000, 0x0000000703800000, 0x0000000703900000|  0%| F|  |TAMS 0x0000000703800000, 0x0000000703800000| Untracked 
|  29|0x0000000703900000, 0x0000000703900000, 0x0000000703a00000|  0%| F|  |TAMS 0x0000000703900000, 0x0000000703900000| Untracked 
|  30|0x0000000703a00000, 0x0000000703a00000, 0x0000000703b00000|  0%| F|  |TAMS 0x0000000703a00000, 0x0000000703a00000| Untracked 
|  31|0x0000000703b00000, 0x0000000703b00000, 0x0000000703c00000|  0%| F|  |TAMS 0x0000000703b00000, 0x0000000703b00000| Untracked 
|  32|0x0000000703c00000, 0x0000000703c00000, 0x0000000703d00000|  0%| F|  |TAMS 0x0000000703c00000, 0x0000000703c00000| Untracked 
|  33|0x0000000703d00000, 0x0000000703d00000, 0x0000000703e00000|  0%| F|  |TAMS 0x0000000703d00000, 0x0000000703d00000| Untracked 
|  34|0x0000000703e00000, 0x0000000703e00000, 0x0000000703f00000|  0%| F|  |TAMS 0x0000000703e00000, 0x0000000703e00000| Untracked 
|  35|0x0000000703f00000, 0x0000000703f00000, 0x0000000704000000|  0%| F|  |TAMS 0x0000000703f00000, 0x0000000703f00000| Untracked 
|  36|0x0000000704000000, 0x0000000704000000, 0x0000000704100000|  0%| F|  |TAMS 0x0000000704000000, 0x0000000704000000| Untracked 
|  37|0x0000000704100000, 0x0000000704100000, 0x0000000704200000|  0%| F|  |TAMS 0x0000000704100000, 0x0000000704100000| Untracked 
|  38|0x0000000704200000, 0x0000000704200000, 0x0000000704300000|  0%| F|  |TAMS 0x0000000704200000, 0x0000000704200000| Untracked 
|  39|0x0000000704300000, 0x0000000704300000, 0x0000000704400000|  0%| F|  |TAMS 0x0000000704300000, 0x0000000704300000| Untracked 
|  40|0x0000000704400000, 0x0000000704400000, 0x0000000704500000|  0%| F|  |TAMS 0x0000000704400000, 0x0000000704400000| Untracked 
|  41|0x0000000704500000, 0x0000000704500000, 0x0000000704600000|  0%| F|  |TAMS 0x0000000704500000, 0x0000000704500000| Untracked 
|  42|0x0000000704600000, 0x0000000704600000, 0x0000000704700000|  0%| F|  |TAMS 0x0000000704600000, 0x0000000704600000| Untracked 
|  43|0x0000000704700000, 0x0000000704700000, 0x0000000704800000|  0%| F|  |TAMS 0x0000000704700000, 0x0000000704700000| Untracked 
|  44|0x0000000704800000, 0x0000000704800000, 0x0000000704900000|  0%| F|  |TAMS 0x0000000704800000, 0x0000000704800000| Untracked 
|  45|0x0000000704900000, 0x0000000704900000, 0x0000000704a00000|  0%| F|  |TAMS 0x0000000704900000, 0x0000000704900000| Untracked 
|  46|0x0000000704a00000, 0x0000000704a00000, 0x0000000704b00000|  0%| F|  |TAMS 0x0000000704a00000, 0x0000000704a00000| Untracked 
|  47|0x0000000704b00000, 0x0000000704b00000, 0x0000000704c00000|  0%| F|  |TAMS 0x0000000704b00000, 0x0000000704b00000| Untracked 
|  48|0x0000000704c00000, 0x0000000704c00000, 0x0000000704d00000|  0%| F|  |TAMS 0x0000000704c00000, 0x0000000704c00000| Untracked 
|  49|0x0000000704d00000, 0x0000000704d00000, 0x0000000704e00000|  0%| F|  |TAMS 0x0000000704d00000, 0x0000000704d00000| Untracked 
|  50|0x0000000704e00000, 0x0000000704e00000, 0x0000000704f00000|  0%| F|  |TAMS 0x0000000704e00000, 0x0000000704e00000| Untracked 
|  51|0x0000000704f00000, 0x0000000704f00000, 0x0000000705000000|  0%| F|  |TAMS 0x0000000704f00000, 0x0000000704f00000| Untracked 
|  52|0x0000000705000000, 0x0000000705000000, 0x0000000705100000|  0%| F|  |TAMS 0x0000000705000000, 0x0000000705000000| Untracked 
|  53|0x0000000705100000, 0x0000000705100000, 0x0000000705200000|  0%| F|  |TAMS 0x0000000705100000, 0x0000000705100000| Untracked 
|  54|0x0000000705200000, 0x0000000705200000, 0x0000000705300000|  0%| F|  |TAMS 0x0000000705200000, 0x0000000705200000| Untracked 
|  55|0x0000000705300000, 0x0000000705300000, 0x0000000705400000|  0%| F|  |TAMS 0x0000000705300000, 0x0000000705300000| Untracked 
|  56|0x0000000705400000, 0x0000000705400000, 0x0000000705500000|  0%| F|  |TAMS 0x0000000705400000, 0x0000000705400000| Untracked 
|  57|0x0000000705500000, 0x0000000705500000, 0x0000000705600000|  0%| F|  |TAMS 0x0000000705500000, 0x0000000705500000| Untracked 
|  58|0x0000000705600000, 0x0000000705600000, 0x0000000705700000|  0%| F|  |TAMS 0x0000000705600000, 0x0000000705600000| Untracked 
|  59|0x0000000705700000, 0x0000000705700000, 0x0000000705800000|  0%| F|  |TAMS 0x0000000705700000, 0x0000000705700000| Untracked 
|  60|0x0000000705800000, 0x0000000705800000, 0x0000000705900000|  0%| F|  |TAMS 0x0000000705800000, 0x0000000705800000| Untracked 
|  61|0x0000000705900000, 0x0000000705900000, 0x0000000705a00000|  0%| F|  |TAMS 0x0000000705900000, 0x0000000705900000| Untracked 
|  62|0x0000000705a00000, 0x0000000705a00000, 0x0000000705b00000|  0%| F|  |TAMS 0x0000000705a00000, 0x0000000705a00000| Untracked 
|  63|0x0000000705b00000, 0x0000000705b00000, 0x0000000705c00000|  0%| F|  |TAMS 0x0000000705b00000, 0x0000000705b00000| Untracked 
|  64|0x0000000705c00000, 0x0000000705c00000, 0x0000000705d00000|  0%| F|  |TAMS 0x0000000705c00000, 0x0000000705c00000| Untracked 
|  65|0x0000000705d00000, 0x0000000705d00000, 0x0000000705e00000|  0%| F|  |TAMS 0x0000000705d00000, 0x0000000705d00000| Untracked 
|  66|0x0000000705e00000, 0x0000000705e00000, 0x0000000705f00000|  0%| F|  |TAMS 0x0000000705e00000, 0x0000000705e00000| Untracked 
|  67|0x0000000705f00000, 0x0000000705f00000, 0x0000000706000000|  0%| F|  |TAMS 0x0000000705f00000, 0x0000000705f00000| Untracked 
|  68|0x0000000706000000, 0x0000000706000000, 0x0000000706100000|  0%| F|  |TAMS 0x0000000706000000, 0x0000000706000000| Untracked 
|  69|0x0000000706100000, 0x0000000706100000, 0x0000000706200000|  0%| F|  |TAMS 0x0000000706100000, 0x0000000706100000| Untracked 
|  70|0x0000000706200000, 0x0000000706200000, 0x0000000706300000|  0%| F|  |TAMS 0x0000000706200000, 0x0000000706200000| Untracked 
|  71|0x0000000706300000, 0x0000000706300000, 0x0000000706400000|  0%| F|  |TAMS 0x0000000706300000, 0x0000000706300000| Untracked 
|  72|0x0000000706400000, 0x0000000706400000, 0x0000000706500000|  0%| F|  |TAMS 0x0000000706400000, 0x0000000706400000| Untracked 
|  73|0x0000000706500000, 0x0000000706500000, 0x0000000706600000|  0%| F|  |TAMS 0x0000000706500000, 0x0000000706500000| Untracked 
|  74|0x0000000706600000, 0x0000000706600000, 0x0000000706700000|  0%| F|  |TAMS 0x0000000706600000, 0x0000000706600000| Untracked 
|  75|0x0000000706700000, 0x0000000706700000, 0x0000000706800000|  0%| F|  |TAMS 0x0000000706700000, 0x0000000706700000| Untracked 
|  76|0x0000000706800000, 0x0000000706800000, 0x0000000706900000|  0%| F|  |TAMS 0x0000000706800000, 0x0000000706800000| Untracked 
|  77|0x0000000706900000, 0x0000000706900000, 0x0000000706a00000|  0%| F|  |TAMS 0x0000000706900000, 0x0000000706900000| Untracked 
|  78|0x0000000706a00000, 0x0000000706a00000, 0x0000000706b00000|  0%| F|  |TAMS 0x0000000706a00000, 0x0000000706a00000| Untracked 
|  79|0x0000000706b00000, 0x0000000706b00000, 0x0000000706c00000|  0%| F|  |TAMS 0x0000000706b00000, 0x0000000706b00000| Untracked 
|  80|0x0000000706c00000, 0x0000000706c00000, 0x0000000706d00000|  0%| F|  |TAMS 0x0000000706c00000, 0x0000000706c00000| Untracked 
|  81|0x0000000706d00000, 0x0000000706d00000, 0x0000000706e00000|  0%| F|  |TAMS 0x0000000706d00000, 0x0000000706d00000| Untracked 
|  82|0x0000000706e00000, 0x0000000706e00000, 0x0000000706f00000|  0%| F|  |TAMS 0x0000000706e00000, 0x0000000706e00000| Untracked 
|  83|0x0000000706f00000, 0x0000000706f00000, 0x0000000707000000|  0%| F|  |TAMS 0x0000000706f00000, 0x0000000706f00000| Untracked 
|  84|0x0000000707000000, 0x0000000707000000, 0x0000000707100000|  0%| F|  |TAMS 0x0000000707000000, 0x0000000707000000| Untracked 
|  85|0x0000000707100000, 0x0000000707100000, 0x0000000707200000|  0%| F|  |TAMS 0x0000000707100000, 0x0000000707100000| Untracked 
|  86|0x0000000707200000, 0x0000000707200000, 0x0000000707300000|  0%| F|  |TAMS 0x0000000707200000, 0x0000000707200000| Untracked 
|  87|0x0000000707300000, 0x0000000707300000, 0x0000000707400000|  0%| F|  |TAMS 0x0000000707300000, 0x0000000707300000| Untracked 
|  88|0x0000000707400000, 0x0000000707400000, 0x0000000707500000|  0%| F|  |TAMS 0x0000000707400000, 0x0000000707400000| Untracked 
|  89|0x0000000707500000, 0x0000000707500000, 0x0000000707600000|  0%| F|  |TAMS 0x0000000707500000, 0x0000000707500000| Untracked 
|  90|0x0000000707600000, 0x0000000707600000, 0x0000000707700000|  0%| F|  |TAMS 0x0000000707600000, 0x0000000707600000| Untracked 
|  91|0x0000000707700000, 0x0000000707700000, 0x0000000707800000|  0%| F|  |TAMS 0x0000000707700000, 0x0000000707700000| Untracked 
|  92|0x0000000707800000, 0x0000000707800000, 0x0000000707900000|  0%| F|  |TAMS 0x0000000707800000, 0x0000000707800000| Untracked 
|  93|0x0000000707900000, 0x0000000707900000, 0x0000000707a00000|  0%| F|  |TAMS 0x0000000707900000, 0x0000000707900000| Untracked 
|  94|0x0000000707a00000, 0x0000000707a00000, 0x0000000707b00000|  0%| F|  |TAMS 0x0000000707a00000, 0x0000000707a00000| Untracked 
|  95|0x0000000707b00000, 0x0000000707b00000, 0x0000000707c00000|  0%| F|  |TAMS 0x0000000707b00000, 0x0000000707b00000| Untracked 
|  96|0x0000000707c00000, 0x0000000707c00000, 0x0000000707d00000|  0%| F|  |TAMS 0x0000000707c00000, 0x0000000707c00000| Untracked 
|  97|0x0000000707d00000, 0x0000000707d00000, 0x0000000707e00000|  0%| F|  |TAMS 0x0000000707d00000, 0x0000000707d00000| Untracked 
|  98|0x0000000707e00000, 0x0000000707e00000, 0x0000000707f00000|  0%| F|  |TAMS 0x0000000707e00000, 0x0000000707e00000| Untracked 
|  99|0x0000000707f00000, 0x0000000707f00000, 0x0000000708000000|  0%| F|  |TAMS 0x0000000707f00000, 0x0000000707f00000| Untracked 
| 100|0x0000000708000000, 0x0000000708000000, 0x0000000708100000|  0%| F|  |TAMS 0x0000000708000000, 0x0000000708000000| Untracked 
| 101|0x0000000708100000, 0x0000000708100000, 0x0000000708200000|  0%| F|  |TAMS 0x0000000708100000, 0x0000000708100000| Untracked 
| 102|0x0000000708200000, 0x0000000708200000, 0x0000000708300000|  0%| F|  |TAMS 0x0000000708200000, 0x0000000708200000| Untracked 
| 103|0x0000000708300000, 0x0000000708300000, 0x0000000708400000|  0%| F|  |TAMS 0x0000000708300000, 0x0000000708300000| Untracked 
| 104|0x0000000708400000, 0x0000000708400000, 0x0000000708500000|  0%| F|  |TAMS 0x0000000708400000, 0x0000000708400000| Untracked 
| 105|0x0000000708500000, 0x0000000708500000, 0x0000000708600000|  0%| F|  |TAMS 0x0000000708500000, 0x0000000708500000| Untracked 
| 106|0x0000000708600000, 0x0000000708600000, 0x0000000708700000|  0%| F|  |TAMS 0x0000000708600000, 0x0000000708600000| Untracked 
| 107|0x0000000708700000, 0x0000000708700000, 0x0000000708800000|  0%| F|  |TAMS 0x0000000708700000, 0x0000000708700000| Untracked 
| 108|0x0000000708800000, 0x0000000708800000, 0x0000000708900000|  0%| F|  |TAMS 0x0000000708800000, 0x0000000708800000| Untracked 
| 109|0x0000000708900000, 0x0000000708900000, 0x0000000708a00000|  0%| F|  |TAMS 0x0000000708900000, 0x0000000708900000| Untracked 
| 110|0x0000000708a00000, 0x0000000708a00000, 0x0000000708b00000|  0%| F|  |TAMS 0x0000000708a00000, 0x0000000708a00000| Untracked 
| 111|0x0000000708b00000, 0x0000000708b00000, 0x0000000708c00000|  0%| F|  |TAMS 0x0000000708b00000, 0x0000000708b00000| Untracked 
| 112|0x0000000708c00000, 0x0000000708c00000, 0x0000000708d00000|  0%| F|  |TAMS 0x0000000708c00000, 0x0000000708c00000| Untracked 
| 113|0x0000000708d00000, 0x0000000708d00000, 0x0000000708e00000|  0%| F|  |TAMS 0x0000000708d00000, 0x0000000708d00000| Untracked 
| 114|0x0000000708e00000, 0x0000000708e00000, 0x0000000708f00000|  0%| F|  |TAMS 0x0000000708e00000, 0x0000000708e00000| Untracked 
| 115|0x0000000708f00000, 0x0000000708f00000, 0x0000000709000000|  0%| F|  |TAMS 0x0000000708f00000, 0x0000000708f00000| Untracked 
| 116|0x0000000709000000, 0x0000000709000000, 0x0000000709100000|  0%| F|  |TAMS 0x0000000709000000, 0x0000000709000000| Untracked 
| 117|0x0000000709100000, 0x0000000709100000, 0x0000000709200000|  0%| F|  |TAMS 0x0000000709100000, 0x0000000709100000| Untracked 
| 118|0x0000000709200000, 0x0000000709200000, 0x0000000709300000|  0%| F|  |TAMS 0x0000000709200000, 0x0000000709200000| Untracked 
| 119|0x0000000709300000, 0x0000000709300000, 0x0000000709400000|  0%| F|  |TAMS 0x0000000709300000, 0x0000000709300000| Untracked 
| 120|0x0000000709400000, 0x0000000709400000, 0x0000000709500000|  0%| F|  |TAMS 0x0000000709400000, 0x0000000709400000| Untracked 
| 121|0x0000000709500000, 0x0000000709500000, 0x0000000709600000|  0%| F|  |TAMS 0x0000000709500000, 0x0000000709500000| Untracked 
| 122|0x0000000709600000, 0x0000000709600000, 0x0000000709700000|  0%| F|  |TAMS 0x0000000709600000, 0x0000000709600000| Untracked 
| 123|0x0000000709700000, 0x0000000709700000, 0x0000000709800000|  0%| F|  |TAMS 0x0000000709700000, 0x0000000709700000| Untracked 
| 124|0x0000000709800000, 0x0000000709800000, 0x0000000709900000|  0%| F|  |TAMS 0x0000000709800000, 0x0000000709800000| Untracked 
| 125|0x0000000709900000, 0x0000000709900000, 0x0000000709a00000|  0%| F|  |TAMS 0x0000000709900000, 0x0000000709900000| Untracked 
| 126|0x0000000709a00000, 0x0000000709a00000, 0x0000000709b00000|  0%| F|  |TAMS 0x0000000709a00000, 0x0000000709a00000| Untracked 
| 127|0x0000000709b00000, 0x0000000709b00000, 0x0000000709c00000|  0%| F|  |TAMS 0x0000000709b00000, 0x0000000709b00000| Untracked 
| 128|0x0000000709c00000, 0x0000000709c00000, 0x0000000709d00000|  0%| F|  |TAMS 0x0000000709c00000, 0x0000000709c00000| Untracked 
| 129|0x0000000709d00000, 0x0000000709d00000, 0x0000000709e00000|  0%| F|  |TAMS 0x0000000709d00000, 0x0000000709d00000| Untracked 
| 130|0x0000000709e00000, 0x0000000709e00000, 0x0000000709f00000|  0%| F|  |TAMS 0x0000000709e00000, 0x0000000709e00000| Untracked 
| 131|0x0000000709f00000, 0x0000000709f00000, 0x000000070a000000|  0%| F|  |TAMS 0x0000000709f00000, 0x0000000709f00000| Untracked 
| 132|0x000000070a000000, 0x000000070a000000, 0x000000070a100000|  0%| F|  |TAMS 0x000000070a000000, 0x000000070a000000| Untracked 
| 133|0x000000070a100000, 0x000000070a100000, 0x000000070a200000|  0%| F|  |TAMS 0x000000070a100000, 0x000000070a100000| Untracked 
| 134|0x000000070a200000, 0x000000070a200000, 0x000000070a300000|  0%| F|  |TAMS 0x000000070a200000, 0x000000070a200000| Untracked 
| 135|0x000000070a300000, 0x000000070a300000, 0x000000070a400000|  0%| F|  |TAMS 0x000000070a300000, 0x000000070a300000| Untracked 
| 136|0x000000070a400000, 0x000000070a400000, 0x000000070a500000|  0%| F|  |TAMS 0x000000070a400000, 0x000000070a400000| Untracked 
| 137|0x000000070a500000, 0x000000070a500000, 0x000000070a600000|  0%| F|  |TAMS 0x000000070a500000, 0x000000070a500000| Untracked 
| 138|0x000000070a600000, 0x000000070a600000, 0x000000070a700000|  0%| F|  |TAMS 0x000000070a600000, 0x000000070a600000| Untracked 
| 139|0x000000070a700000, 0x000000070a700000, 0x000000070a800000|  0%| F|  |TAMS 0x000000070a700000, 0x000000070a700000| Untracked 
| 140|0x000000070a800000, 0x000000070a800000, 0x000000070a900000|  0%| F|  |TAMS 0x000000070a800000, 0x000000070a800000| Untracked 
| 141|0x000000070a900000, 0x000000070a900000, 0x000000070aa00000|  0%| F|  |TAMS 0x000000070a900000, 0x000000070a900000| Untracked 
| 142|0x000000070aa00000, 0x000000070aa00000, 0x000000070ab00000|  0%| F|  |TAMS 0x000000070aa00000, 0x000000070aa00000| Untracked 
| 143|0x000000070ab00000, 0x000000070ab00000, 0x000000070ac00000|  0%| F|  |TAMS 0x000000070ab00000, 0x000000070ab00000| Untracked 
| 144|0x000000070ac00000, 0x000000070ac00000, 0x000000070ad00000|  0%| F|  |TAMS 0x000000070ac00000, 0x000000070ac00000| Untracked 
| 145|0x000000070ad00000, 0x000000070ad00000, 0x000000070ae00000|  0%| F|  |TAMS 0x000000070ad00000, 0x000000070ad00000| Untracked 
| 146|0x000000070ae00000, 0x000000070ae00000, 0x000000070af00000|  0%| F|  |TAMS 0x000000070ae00000, 0x000000070ae00000| Untracked 
| 147|0x000000070af00000, 0x000000070af00000, 0x000000070b000000|  0%| F|  |TAMS 0x000000070af00000, 0x000000070af00000| Untracked 
| 148|0x000000070b000000, 0x000000070b000000, 0x000000070b100000|  0%| F|  |TAMS 0x000000070b000000, 0x000000070b000000| Untracked 
| 149|0x000000070b100000, 0x000000070b100000, 0x000000070b200000|  0%| F|  |TAMS 0x000000070b100000, 0x000000070b100000| Untracked 
| 150|0x000000070b200000, 0x000000070b200000, 0x000000070b300000|  0%| F|  |TAMS 0x000000070b200000, 0x000000070b200000| Untracked 
| 151|0x000000070b300000, 0x000000070b300000, 0x000000070b400000|  0%| F|  |TAMS 0x000000070b300000, 0x000000070b300000| Untracked 
| 152|0x000000070b400000, 0x000000070b400000, 0x000000070b500000|  0%| F|  |TAMS 0x000000070b400000, 0x000000070b400000| Untracked 
| 153|0x000000070b500000, 0x000000070b500000, 0x000000070b600000|  0%| F|  |TAMS 0x000000070b500000, 0x000000070b500000| Untracked 
| 154|0x000000070b600000, 0x000000070b600000, 0x000000070b700000|  0%| F|  |TAMS 0x000000070b600000, 0x000000070b600000| Untracked 
| 155|0x000000070b700000, 0x000000070b700000, 0x000000070b800000|  0%| F|  |TAMS 0x000000070b700000, 0x000000070b700000| Untracked 
| 156|0x000000070b800000, 0x000000070b800000, 0x000000070b900000|  0%| F|  |TAMS 0x000000070b800000, 0x000000070b800000| Untracked 
| 157|0x000000070b900000, 0x000000070b900000, 0x000000070ba00000|  0%| F|  |TAMS 0x000000070b900000, 0x000000070b900000| Untracked 
| 158|0x000000070ba00000, 0x000000070ba00000, 0x000000070bb00000|  0%| F|  |TAMS 0x000000070ba00000, 0x000000070ba00000| Untracked 
| 159|0x000000070bb00000, 0x000000070bb00000, 0x000000070bc00000|  0%| F|  |TAMS 0x000000070bb00000, 0x000000070bb00000| Untracked 
| 160|0x000000070bc00000, 0x000000070bc00000, 0x000000070bd00000|  0%| F|  |TAMS 0x000000070bc00000, 0x000000070bc00000| Untracked 
| 161|0x000000070bd00000, 0x000000070bd00000, 0x000000070be00000|  0%| F|  |TAMS 0x000000070bd00000, 0x000000070bd00000| Untracked 
| 162|0x000000070be00000, 0x000000070be00000, 0x000000070bf00000|  0%| F|  |TAMS 0x000000070be00000, 0x000000070be00000| Untracked 
| 163|0x000000070bf00000, 0x000000070bf00000, 0x000000070c000000|  0%| F|  |TAMS 0x000000070bf00000, 0x000000070bf00000| Untracked 
| 164|0x000000070c000000, 0x000000070c000000, 0x000000070c100000|  0%| F|  |TAMS 0x000000070c000000, 0x000000070c000000| Untracked 
| 165|0x000000070c100000, 0x000000070c100000, 0x000000070c200000|  0%| F|  |TAMS 0x000000070c100000, 0x000000070c100000| Untracked 
| 166|0x000000070c200000, 0x000000070c200000, 0x000000070c300000|  0%| F|  |TAMS 0x000000070c200000, 0x000000070c200000| Untracked 
| 167|0x000000070c300000, 0x000000070c300000, 0x000000070c400000|  0%| F|  |TAMS 0x000000070c300000, 0x000000070c300000| Untracked 
| 168|0x000000070c400000, 0x000000070c400000, 0x000000070c500000|  0%| F|  |TAMS 0x000000070c400000, 0x000000070c400000| Untracked 
| 169|0x000000070c500000, 0x000000070c500000, 0x000000070c600000|  0%| F|  |TAMS 0x000000070c500000, 0x000000070c500000| Untracked 
| 170|0x000000070c600000, 0x000000070c600000, 0x000000070c700000|  0%| F|  |TAMS 0x000000070c600000, 0x000000070c600000| Untracked 
| 171|0x000000070c700000, 0x000000070c700000, 0x000000070c800000|  0%| F|  |TAMS 0x000000070c700000, 0x000000070c700000| Untracked 
| 172|0x000000070c800000, 0x000000070c800000, 0x000000070c900000|  0%| F|  |TAMS 0x000000070c800000, 0x000000070c800000| Untracked 
| 173|0x000000070c900000, 0x000000070c900000, 0x000000070ca00000|  0%| F|  |TAMS 0x000000070c900000, 0x000000070c900000| Untracked 
| 174|0x000000070ca00000, 0x000000070ca00000, 0x000000070cb00000|  0%| F|  |TAMS 0x000000070ca00000, 0x000000070ca00000| Untracked 
| 175|0x000000070cb00000, 0x000000070cb00000, 0x000000070cc00000|  0%| F|  |TAMS 0x000000070cb00000, 0x000000070cb00000| Untracked 
| 176|0x000000070cc00000, 0x000000070cc00000, 0x000000070cd00000|  0%| F|  |TAMS 0x000000070cc00000, 0x000000070cc00000| Untracked 
| 177|0x000000070cd00000, 0x000000070cd00000, 0x000000070ce00000|  0%| F|  |TAMS 0x000000070cd00000, 0x000000070cd00000| Untracked 
| 178|0x000000070ce00000, 0x000000070ce00000, 0x000000070cf00000|  0%| F|  |TAMS 0x000000070ce00000, 0x000000070ce00000| Untracked 
| 179|0x000000070cf00000, 0x000000070cf00000, 0x000000070d000000|  0%| F|  |TAMS 0x000000070cf00000, 0x000000070cf00000| Untracked 
| 180|0x000000070d000000, 0x000000070d000000, 0x000000070d100000|  0%| F|  |TAMS 0x000000070d000000, 0x000000070d000000| Untracked 
| 181|0x000000070d100000, 0x000000070d100000, 0x000000070d200000|  0%| F|  |TAMS 0x000000070d100000, 0x000000070d100000| Untracked 
| 182|0x000000070d200000, 0x000000070d200000, 0x000000070d300000|  0%| F|  |TAMS 0x000000070d200000, 0x000000070d200000| Untracked 
| 183|0x000000070d300000, 0x000000070d300000, 0x000000070d400000|  0%| F|  |TAMS 0x000000070d300000, 0x000000070d300000| Untracked 
| 184|0x000000070d400000, 0x000000070d400000, 0x000000070d500000|  0%| F|  |TAMS 0x000000070d400000, 0x000000070d400000| Untracked 
| 185|0x000000070d500000, 0x000000070d500000, 0x000000070d600000|  0%| F|  |TAMS 0x000000070d500000, 0x000000070d500000| Untracked 
| 186|0x000000070d600000, 0x000000070d600000, 0x000000070d700000|  0%| F|  |TAMS 0x000000070d600000, 0x000000070d600000| Untracked 
| 187|0x000000070d700000, 0x000000070d700000, 0x000000070d800000|  0%| F|  |TAMS 0x000000070d700000, 0x000000070d700000| Untracked 
| 188|0x000000070d800000, 0x000000070d800000, 0x000000070d900000|  0%| F|  |TAMS 0x000000070d800000, 0x000000070d800000| Untracked 
| 189|0x000000070d900000, 0x000000070d900000, 0x000000070da00000|  0%| F|  |TAMS 0x000000070d900000, 0x000000070d900000| Untracked 
| 190|0x000000070da00000, 0x000000070da00000, 0x000000070db00000|  0%| F|  |TAMS 0x000000070da00000, 0x000000070da00000| Untracked 
| 191|0x000000070db00000, 0x000000070db00000, 0x000000070dc00000|  0%| F|  |TAMS 0x000000070db00000, 0x000000070db00000| Untracked 
| 192|0x000000070dc00000, 0x000000070dc00000, 0x000000070dd00000|  0%| F|  |TAMS 0x000000070dc00000, 0x000000070dc00000| Untracked 
| 193|0x000000070dd00000, 0x000000070dd00000, 0x000000070de00000|  0%| F|  |TAMS 0x000000070dd00000, 0x000000070dd00000| Untracked 
| 194|0x000000070de00000, 0x000000070de00000, 0x000000070df00000|  0%| F|  |TAMS 0x000000070de00000, 0x000000070de00000| Untracked 
| 195|0x000000070df00000, 0x000000070df00000, 0x000000070e000000|  0%| F|  |TAMS 0x000000070df00000, 0x000000070df00000| Untracked 
| 196|0x000000070e000000, 0x000000070e000000, 0x000000070e100000|  0%| F|  |TAMS 0x000000070e000000, 0x000000070e000000| Untracked 
| 197|0x000000070e100000, 0x000000070e100000, 0x000000070e200000|  0%| F|  |TAMS 0x000000070e100000, 0x000000070e100000| Untracked 
| 198|0x000000070e200000, 0x000000070e200000, 0x000000070e300000|  0%| F|  |TAMS 0x000000070e200000, 0x000000070e200000| Untracked 
| 199|0x000000070e300000, 0x000000070e300000, 0x000000070e400000|  0%| F|  |TAMS 0x000000070e300000, 0x000000070e300000| Untracked 
| 200|0x000000070e400000, 0x000000070e400000, 0x000000070e500000|  0%| F|  |TAMS 0x000000070e400000, 0x000000070e400000| Untracked 
| 201|0x000000070e500000, 0x000000070e500000, 0x000000070e600000|  0%| F|  |TAMS 0x000000070e500000, 0x000000070e500000| Untracked 
| 202|0x000000070e600000, 0x000000070e600000, 0x000000070e700000|  0%| F|  |TAMS 0x000000070e600000, 0x000000070e600000| Untracked 
| 203|0x000000070e700000, 0x000000070e700000, 0x000000070e800000|  0%| F|  |TAMS 0x000000070e700000, 0x000000070e700000| Untracked 
| 204|0x000000070e800000, 0x000000070e800000, 0x000000070e900000|  0%| F|  |TAMS 0x000000070e800000, 0x000000070e800000| Untracked 
| 205|0x000000070e900000, 0x000000070e900000, 0x000000070ea00000|  0%| F|  |TAMS 0x000000070e900000, 0x000000070e900000| Untracked 
| 206|0x000000070ea00000, 0x000000070ea00000, 0x000000070eb00000|  0%| F|  |TAMS 0x000000070ea00000, 0x000000070ea00000| Untracked 
| 207|0x000000070eb00000, 0x000000070eb00000, 0x000000070ec00000|  0%| F|  |TAMS 0x000000070eb00000, 0x000000070eb00000| Untracked 
| 208|0x000000070ec00000, 0x000000070ed00000, 0x000000070ed00000|100%| E|  |TAMS 0x000000070ec00000, 0x000000070ec00000| Complete 
| 209|0x000000070ed00000, 0x000000070ee00000, 0x000000070ee00000|100%| E|CS|TAMS 0x000000070ed00000, 0x000000070ed00000| Complete 
| 210|0x000000070ee00000, 0x000000070ef00000, 0x000000070ef00000|100%| E|CS|TAMS 0x000000070ee00000, 0x000000070ee00000| Complete 
| 211|0x000000070ef00000, 0x000000070f000000, 0x000000070f000000|100%| E|CS|TAMS 0x000000070ef00000, 0x000000070ef00000| Complete 
| 212|0x000000070f000000, 0x000000070f100000, 0x000000070f100000|100%| E|CS|TAMS 0x000000070f000000, 0x000000070f000000| Complete 
| 213|0x000000070f100000, 0x000000070f200000, 0x000000070f200000|100%| E|CS|TAMS 0x000000070f100000, 0x000000070f100000| Complete 
| 214|0x000000070f200000, 0x000000070f300000, 0x000000070f300000|100%| E|CS|TAMS 0x000000070f200000, 0x000000070f200000| Complete 
| 215|0x000000070f300000, 0x000000070f400000, 0x000000070f400000|100%| E|CS|TAMS 0x000000070f300000, 0x000000070f300000| Complete 
| 216|0x000000070f400000, 0x000000070f500000, 0x000000070f500000|100%| E|CS|TAMS 0x000000070f400000, 0x000000070f400000| Complete 
| 217|0x000000070f500000, 0x000000070f600000, 0x000000070f600000|100%| E|CS|TAMS 0x000000070f500000, 0x000000070f500000| Complete 
| 218|0x000000070f600000, 0x000000070f700000, 0x000000070f700000|100%| E|  |TAMS 0x000000070f600000, 0x000000070f600000| Complete 
| 219|0x000000070f700000, 0x000000070f800000, 0x000000070f800000|100%| E|CS|TAMS 0x000000070f700000, 0x000000070f700000| Complete 
| 220|0x000000070f800000, 0x000000070f900000, 0x000000070f900000|100%| E|CS|TAMS 0x000000070f800000, 0x000000070f800000| Complete 
| 221|0x000000070f900000, 0x000000070fa00000, 0x000000070fa00000|100%| E|CS|TAMS 0x000000070f900000, 0x000000070f900000| Complete 
| 222|0x000000070fa00000, 0x000000070fb00000, 0x000000070fb00000|100%| E|CS|TAMS 0x000000070fa00000, 0x000000070fa00000| Complete 
| 223|0x000000070fb00000, 0x000000070fc00000, 0x000000070fc00000|100%| E|CS|TAMS 0x000000070fb00000, 0x000000070fb00000| Complete 
| 224|0x000000070fc00000, 0x000000070fd00000, 0x000000070fd00000|100%| E|CS|TAMS 0x000000070fc00000, 0x000000070fc00000| Complete 
| 225|0x000000070fd00000, 0x000000070fe00000, 0x000000070fe00000|100%| E|CS|TAMS 0x000000070fd00000, 0x000000070fd00000| Complete 
| 226|0x000000070fe00000, 0x000000070ff00000, 0x000000070ff00000|100%| E|CS|TAMS 0x000000070fe00000, 0x000000070fe00000| Complete 
| 227|0x000000070ff00000, 0x0000000710000000, 0x0000000710000000|100%| E|CS|TAMS 0x000000070ff00000, 0x000000070ff00000| Complete 
| 228|0x0000000710000000, 0x0000000710100000, 0x0000000710100000|100%| E|CS|TAMS 0x0000000710000000, 0x0000000710000000| Complete 
| 229|0x0000000710100000, 0x0000000710200000, 0x0000000710200000|100%| E|CS|TAMS 0x0000000710100000, 0x0000000710100000| Complete 
| 230|0x0000000710200000, 0x0000000710300000, 0x0000000710300000|100%| E|CS|TAMS 0x0000000710200000, 0x0000000710200000| Complete 
| 231|0x0000000710300000, 0x0000000710400000, 0x0000000710400000|100%| E|CS|TAMS 0x0000000710300000, 0x0000000710300000| Complete 
| 232|0x0000000710400000, 0x0000000710500000, 0x0000000710500000|100%| E|CS|TAMS 0x0000000710400000, 0x0000000710400000| Complete 
| 233|0x0000000710500000, 0x0000000710600000, 0x0000000710600000|100%| E|CS|TAMS 0x0000000710500000, 0x0000000710500000| Complete 
| 234|0x0000000710600000, 0x0000000710700000, 0x0000000710700000|100%| E|CS|TAMS 0x0000000710600000, 0x0000000710600000| Complete 
| 235|0x0000000710700000, 0x0000000710800000, 0x0000000710800000|100%| E|CS|TAMS 0x0000000710700000, 0x0000000710700000| Complete 
| 236|0x0000000710800000, 0x0000000710900000, 0x0000000710900000|100%| E|CS|TAMS 0x0000000710800000, 0x0000000710800000| Complete 
| 237|0x0000000710900000, 0x0000000710a00000, 0x0000000710a00000|100%| E|CS|TAMS 0x0000000710900000, 0x0000000710900000| Complete 
| 238|0x0000000710a00000, 0x0000000710b00000, 0x0000000710b00000|100%| E|CS|TAMS 0x0000000710a00000, 0x0000000710a00000| Complete 
| 239|0x0000000710b00000, 0x0000000710c00000, 0x0000000710c00000|100%| E|CS|TAMS 0x0000000710b00000, 0x0000000710b00000| Complete 
| 240|0x0000000710c00000, 0x0000000710d00000, 0x0000000710d00000|100%| E|CS|TAMS 0x0000000710c00000, 0x0000000710c00000| Complete 
| 241|0x0000000710d00000, 0x0000000710e00000, 0x0000000710e00000|100%| E|CS|TAMS 0x0000000710d00000, 0x0000000710d00000| Complete 
| 242|0x0000000710e00000, 0x0000000710f00000, 0x0000000710f00000|100%| E|CS|TAMS 0x0000000710e00000, 0x0000000710e00000| Complete 
| 243|0x0000000710f00000, 0x0000000711000000, 0x0000000711000000|100%| E|CS|TAMS 0x0000000710f00000, 0x0000000710f00000| Complete 
| 244|0x0000000711000000, 0x0000000711100000, 0x0000000711100000|100%| E|CS|TAMS 0x0000000711000000, 0x0000000711000000| Complete 
| 245|0x0000000711100000, 0x0000000711200000, 0x0000000711200000|100%| E|CS|TAMS 0x0000000711100000, 0x0000000711100000| Complete 
| 246|0x0000000711200000, 0x0000000711300000, 0x0000000711300000|100%| E|CS|TAMS 0x0000000711200000, 0x0000000711200000| Complete 
| 247|0x0000000711300000, 0x0000000711400000, 0x0000000711400000|100%| E|CS|TAMS 0x0000000711300000, 0x0000000711300000| Complete 
| 248|0x0000000711400000, 0x0000000711500000, 0x0000000711500000|100%| E|CS|TAMS 0x0000000711400000, 0x0000000711400000| Complete 
| 249|0x0000000711500000, 0x0000000711600000, 0x0000000711600000|100%| E|CS|TAMS 0x0000000711500000, 0x0000000711500000| Complete 
| 250|0x0000000711600000, 0x0000000711700000, 0x0000000711700000|100%| S|CS|TAMS 0x0000000711600000, 0x0000000711600000| Complete 
| 251|0x0000000711700000, 0x0000000711800000, 0x0000000711800000|100%| E|CS|TAMS 0x0000000711700000, 0x0000000711700000| Complete 
| 252|0x0000000711800000, 0x0000000711900000, 0x0000000711900000|100%| E|CS|TAMS 0x0000000711800000, 0x0000000711800000| Complete 
| 253|0x0000000711900000, 0x0000000711a00000, 0x0000000711a00000|100%| E|CS|TAMS 0x0000000711900000, 0x0000000711900000| Complete 
| 254|0x0000000711a00000, 0x0000000711b00000, 0x0000000711b00000|100%| E|CS|TAMS 0x0000000711a00000, 0x0000000711a00000| Complete 
| 255|0x0000000711b00000, 0x0000000711c00000, 0x0000000711c00000|100%| E|CS|TAMS 0x0000000711b00000, 0x0000000711b00000| Complete 

Card table byte_map: [0x000001afaa380000,0x000001afaab80000] _byte_map_base: 0x000001afa6b72000

Marking Bits (Prev, Next): (CMBitMap*) 0x000001af94e93508, (CMBitMap*) 0x000001af94e93540
 Prev Bits: [0x000001afab380000, 0x000001afaf310000)
 Next Bits: [0x000001afaf310000, 0x000001afb32a0000)

Polling page: 0x000001af966c0000

Metaspace:

Usage:
  Non-class:     38.29 MB capacity,    37.94 MB (>99%) used,   296.26 KB ( <1%) free+waste,    63.81 KB ( <1%) overhead. 
      Class:      5.28 MB capacity,     5.09 MB ( 96%) used,   166.49 KB (  3%) free+waste,    28.25 KB ( <1%) overhead. 
       Both:     43.57 MB capacity,    43.03 MB ( 99%) used,   462.75 KB (  1%) free+waste,    92.06 KB ( <1%) overhead. 

Virtual space:
  Non-class space:       40.00 MB reserved,      38.58 MB ( 96%) committed 
      Class space:        1.00 GB reserved,       5.32 MB ( <1%) committed 
             Both:        1.04 GB reserved,      43.90 MB (  4%) committed 

Chunk freelists:
   Non-Class:  102.00 KB
       Class:  0 bytes
        Both:  102.00 KB

MaxMetaspaceSize: 17179869184.00 GB
CompressedClassSpaceSize: 1.00 GB

CodeHeap 'non-profiled nmethods': size=120000Kb used=1401Kb max_used=1401Kb free=118598Kb
 bounds [0x000001afa1bd0000, 0x000001afa1e40000, 0x000001afa9100000]
CodeHeap 'profiled nmethods': size=120000Kb used=6963Kb max_used=6963Kb free=113036Kb
 bounds [0x000001af9a6a0000, 0x000001af9ad70000, 0x000001afa1bd0000]
CodeHeap 'non-nmethods': size=5760Kb used=1190Kb max_used=1241Kb free=4570Kb
 bounds [0x000001af9a100000, 0x000001af9a370000, 0x000001af9a6a0000]
 total_blobs=4016 nmethods=3478 adapters=448
 compilation: enabled
              stopped_count=0, restarted_count=0
 full_count=0

Compilation events (20 events):
Event: 3.420 Thread 0x000001afb672a800 3446       2       org.jetbrains.kotlin.parsing.TrailingCommentsBinder::getEdgePosition (137 bytes)
Event: 3.421 Thread 0x000001afb672a800 nmethod 3446 0x000001af9ad51f10 code [0x000001af9ad521a0, 0x000001af9ad52968]
Event: 3.421 Thread 0x000001afb672a800 3447       2       org.jetbrains.kotlin.com.intellij.openapi.util.text.StringUtil::containsLineBreak (46 bytes)
Event: 3.421 Thread 0x000001afb672a800 nmethod 3447 0x000001af9ad52e90 code [0x000001af9ad53060, 0x000001af9ad53288]
Event: 3.422 Thread 0x000001afb672a800 3448       2       java.util.HashMap::afterNodeRemoval (1 bytes)
Event: 3.422 Thread 0x000001afb672a800 nmethod 3448 0x000001af9ad53390 code [0x000001af9ad53540, 0x000001af9ad53638]
Event: 3.423 Thread 0x000001afb672a800 3449       2       org.jetbrains.kotlin.parsing.KotlinParsing::parseImportDirective (451 bytes)
Event: 3.424 Thread 0x000001afb672a800 nmethod 3449 0x000001af9ad53710 code [0x000001af9ad53c60, 0x000001af9ad55208]
Event: 3.424 Thread 0x000001afb672a800 3450       2       org.jetbrains.kotlin.parsing.AbstractKotlinParsing::errorIf (21 bytes)
Event: 3.424 Thread 0x000001afb672a800 nmethod 3450 0x000001af9ad55f10 code [0x000001af9ad56100, 0x000001af9ad563a8]
Event: 3.424 Thread 0x000001afb672a800 3453       2       org.jetbrains.kotlin.com.intellij.lang.impl.PsiBuilderImpl::getTokenType (21 bytes)
Event: 3.425 Thread 0x000001afb672a800 nmethod 3453 0x000001af9ad56590 code [0x000001af9ad56760, 0x000001af9ad56978]
Event: 3.425 Thread 0x000001afb672a800 3454       2       org.jetbrains.kotlin.com.intellij.lang.impl.PsiBuilderImpl::calcTokenType (30 bytes)
Event: 3.425 Thread 0x000001afb672a800 nmethod 3454 0x000001af9ad56a90 code [0x000001af9ad56c60, 0x000001af9ad56e38]
Event: 3.425 Thread 0x000001afb672a800 3451       1       org.jetbrains.kotlin.parsing.KotlinParsing$ModifierDetector::isCompanionDetected (5 bytes)
Event: 3.425 Thread 0x000001afb672a800 nmethod 3451 0x000001afa1d2dc10 code [0x000001afa1d2ddc0, 0x000001afa1d2de78]
Event: 3.425 Thread 0x000001afb672a800 3452       1       org.jetbrains.kotlin.parsing.AbstractTokenStreamPattern::result (5 bytes)
Event: 3.425 Thread 0x000001afb672a800 nmethod 3452 0x000001afa1d2df10 code [0x000001afa1d2e0c0, 0x000001afa1d2e178]
Event: 3.425 Thread 0x000001afb672a800 3455       2       org.jetbrains.kotlin.com.intellij.lang.impl.PsiBuilderImpl$StartMarker::collapse (28 bytes)
Event: 3.425 Thread 0x000001afb672a800 nmethod 3455 0x000001af9ad56f90 code [0x000001af9ad57160, 0x000001af9ad57338]

GC Heap History (10 events):
Event: 0.520 GC heap before
{Heap before GC invocations=0 (full 0):
 garbage-first heap   total 262144K, used 27648K [0x0000000701c00000, 0x0000000800000000)
  region size 1024K, 24 young (24576K), 0 survivors (0K)
 Metaspace       used 12319K, capacity 12440K, committed 12544K, reserved 1060864K
  class space    used 1160K, capacity 1207K, committed 1280K, reserved 1048576K
}
Event: 0.523 GC heap after
{Heap after GC invocations=1 (full 0):
 garbage-first heap   total 262144K, used 5917K [0x0000000701c00000, 0x0000000800000000)
  region size 1024K, 3 young (3072K), 3 survivors (3072K)
 Metaspace       used 12319K, capacity 12440K, committed 12544K, reserved 1060864K
  class space    used 1160K, capacity 1207K, committed 1280K, reserved 1048576K
}
Event: 1.099 GC heap before
{Heap before GC invocations=1 (full 0):
 garbage-first heap   total 262144K, used 42781K [0x0000000701c00000, 0x0000000800000000)
  region size 1024K, 40 young (40960K), 3 survivors (3072K)
 Metaspace       used 20884K, capacity 21176K, committed 21296K, reserved 1069056K
  class space    used 2270K, capacity 2380K, committed 2432K, reserved 1048576K
}
Event: 1.110 GC heap after
{Heap after GC invocations=2 (full 0):
 garbage-first heap   total 262144K, used 9403K [0x0000000701c00000, 0x0000000800000000)
  region size 1024K, 7 young (7168K), 7 survivors (7168K)
 Metaspace       used 20884K, capacity 21176K, committed 21296K, reserved 1069056K
  class space    used 2270K, capacity 2380K, committed 2432K, reserved 1048576K
}
Event: 2.432 GC heap before
{Heap before GC invocations=3 (full 0):
 garbage-first heap   total 262144K, used 66747K [0x0000000701c00000, 0x0000000800000000)
  region size 1024K, 58 young (59392K), 7 survivors (7168K)
 Metaspace       used 32415K, capacity 32933K, committed 33200K, reserved 1079296K
  class space    used 4041K, capacity 4229K, committed 4352K, reserved 1048576K
}
Event: 2.442 GC heap after
{Heap after GC invocations=4 (full 0):
 garbage-first heap   total 262144K, used 21155K [0x0000000701c00000, 0x0000000800000000)
  region size 1024K, 8 young (8192K), 8 survivors (8192K)
 Metaspace       used 32415K, capacity 32933K, committed 33200K, reserved 1079296K
  class space    used 4041K, capacity 4229K, committed 4352K, reserved 1048576K
}
Event: 2.552 GC heap before
{Heap before GC invocations=4 (full 0):
 garbage-first heap   total 262144K, used 28323K [0x0000000701c00000, 0x0000000800000000)
  region size 1024K, 15 young (15360K), 8 survivors (8192K)
 Metaspace       used 34190K, capacity 34634K, committed 34864K, reserved 1079296K
  class space    used 4268K, capacity 4455K, committed 4480K, reserved 1048576K
}
Event: 2.559 GC heap after
{Heap after GC invocations=5 (full 0):
 garbage-first heap   total 262144K, used 22676K [0x0000000701c00000, 0x0000000800000000)
  region size 1024K, 2 young (2048K), 2 survivors (2048K)
 Metaspace       used 34190K, capacity 34634K, committed 34864K, reserved 1079296K
  class space    used 4268K, capacity 4455K, committed 4480K, reserved 1048576K
}
Event: 2.632 GC heap before
{Heap before GC invocations=5 (full 0):
 garbage-first heap   total 262144K, used 26772K [0x0000000701c00000, 0x0000000800000000)
  region size 1024K, 7 young (7168K), 2 survivors (2048K)
 Metaspace       used 35273K, capacity 35722K, committed 35920K, reserved 1081344K
  class space    used 4382K, capacity 4583K, committed 4608K, reserved 1048576K
}
Event: 2.633 GC heap after
{Heap after GC invocations=6 (full 0):
 garbage-first heap   total 262144K, used 22448K [0x0000000701c00000, 0x0000000800000000)
  region size 1024K, 1 young (1024K), 1 survivors (1024K)
 Metaspace       used 35273K, capacity 35722K, committed 35920K, reserved 1081344K
  class space    used 4382K, capacity 4583K, committed 4608K, reserved 1048576K
}

Deoptimization events (20 events):
Event: 3.250 Thread 0x000001af94e34800 DEOPT PACKING pc=0x000001af9ac6b5c0 sp=0x0000004000afafe0
Event: 3.250 Thread 0x000001af94e34800 DEOPT UNPACKING pc=0x000001af9a12705e sp=0x0000004000afa4f8 mode 0
Event: 3.291 Thread 0x000001af94e34800 DEOPT PACKING pc=0x000001af9aaed5b0 sp=0x0000004000afd230
Event: 3.291 Thread 0x000001af94e34800 DEOPT UNPACKING pc=0x000001af9a12705e sp=0x0000004000afc710 mode 0
Event: 3.315 Thread 0x000001af94e34800 Uncommon trap: trap_request=0xffffff4d fr.pc=0x000001afa1d276a4 relative=0x00000000000000e4
Event: 3.315 Thread 0x000001af94e34800 Uncommon trap: reason=unstable_if action=reinterpret pc=0x000001afa1d276a4 method=org.jetbrains.kotlin.parsing.SemanticWhitespaceAwarePsiBuilderImpl.getJoinedTokenType(Lorg/jetbrains/kotlin/com/intellij/psi/tree/IElementType;I)Lorg/jetbrains/kotlin/com/in
Event: 3.315 Thread 0x000001af94e34800 DEOPT PACKING pc=0x000001afa1d276a4 sp=0x0000004000afbc80
Event: 3.315 Thread 0x000001af94e34800 DEOPT UNPACKING pc=0x000001af9a1268af sp=0x0000004000afbc08 mode 2
Event: 3.341 Thread 0x000001af94e34800 Uncommon trap: trap_request=0xffffff4d fr.pc=0x000001afa1d2a500 relative=0x0000000000000aa0
Event: 3.341 Thread 0x000001af94e34800 Uncommon trap: reason=unstable_if action=reinterpret pc=0x000001afa1d2a500 method=org.jetbrains.kotlin.com.intellij.lang.impl.PsiBuilderImpl.calcTokenType()Lorg/jetbrains/kotlin/com/intellij/psi/tree/IElementType; @ 4 c2
Event: 3.341 Thread 0x000001af94e34800 DEOPT PACKING pc=0x000001afa1d2a500 sp=0x0000004000afd400
Event: 3.341 Thread 0x000001af94e34800 DEOPT UNPACKING pc=0x000001af9a1268af sp=0x0000004000afd2c0 mode 2
Event: 3.403 Thread 0x000001af94e34800 Uncommon trap: trap_request=0xffffff4d fr.pc=0x000001afa1d2be68 relative=0x0000000000000188
Event: 3.403 Thread 0x000001af94e34800 Uncommon trap: reason=unstable_if action=reinterpret pc=0x000001afa1d2be68 method=org.jetbrains.kotlin.parsing.SemanticWhitespaceAwarePsiBuilderImpl.getJoinedTokenType(Lorg/jetbrains/kotlin/com/intellij/psi/tree/IElementType;I)Lorg/jetbrains/kotlin/com/in
Event: 3.403 Thread 0x000001af94e34800 DEOPT PACKING pc=0x000001afa1d2be68 sp=0x0000004000afcec0
Event: 3.403 Thread 0x000001af94e34800 DEOPT UNPACKING pc=0x000001af9a1268af sp=0x0000004000afce48 mode 2
Event: 3.424 Thread 0x000001af94e34800 Uncommon trap: trap_request=0xffffff4d fr.pc=0x000001afa1d261b4 relative=0x0000000000000254
Event: 3.424 Thread 0x000001af94e34800 Uncommon trap: reason=unstable_if action=reinterpret pc=0x000001afa1d261b4 method=org.jetbrains.kotlin.com.intellij.lang.impl.PsiBuilderImpl.whitespaceOrComment(Lorg/jetbrains/kotlin/com/intellij/psi/tree/IElementType;)Z @ 19 c2
Event: 3.424 Thread 0x000001af94e34800 DEOPT PACKING pc=0x000001afa1d261b4 sp=0x0000004000afbdf0
Event: 3.424 Thread 0x000001af94e34800 DEOPT UNPACKING pc=0x000001af9a1268af sp=0x0000004000afbc50 mode 2

Classes redefined (0 events):
No events

Internal exceptions (20 events):
Event: 1.178 Thread 0x000001af94e34800 Exception <a 'java/lang/NoSuchMethodError'{0x000000071168f750}: 'int java.lang.invoke.DirectMethodHandle$Holder.invokeStaticInit(java.lang.Object, java.lang.Object, java.lang.Object)'> (0x000000071168f750) thrown at [./src/hotspot/share/interpreter/linkResolver.cpp, line 773]
Event: 1.182 Thread 0x000001af94e34800 Exception <a 'java/lang/NoSuchMethodError'{0x00000007116bac90}: 'int java.lang.invoke.DirectMethodHandle$Holder.invokeStaticInit(java.lang.Object, java.lang.Object)'> (0x00000007116bac90) thrown at [./src/hotspot/share/interpreter/linkResolver.cpp, line 773]
Event: 1.217 Thread 0x000001af94e34800 Exception <a 'java/lang/NoSuchMethodError'{0x00000007114d2e40}: 'void java.lang.invoke.DirectMethodHandle$Holder.invokeSpecial(java.lang.Object, java.lang.Object)'> (0x00000007114d2e40) thrown at [./src/hotspot/share/interpreter/linkResolver.cpp, line 773]
Event: 1.364 Thread 0x000001af94e34800 Exception <a 'java/lang/NoSuchMethodError'{0x0000000710cfb618}: 'java.lang.Object java.lang.invoke.DirectMethodHandle$Holder.invokeStatic(java.lang.Object, java.lang.Object, java.lang.Object, java.lang.Object, java.lang.Object, java.lang.Object, java.lang.Object, java.lang.Object, java.lang.Object, java.lang.Object, java.lang.Object, java.lang.Object, java.lang.Object, java.lang.Object, java.lang.Object)'> (0x0000000710cfb618) thrown at [./src/hotspot/share/interpreter/linkResolver.cpp, line 773]
Event: 1.365 Thread 0x000001af94e34800 Exception <a 'java/lang/NoSuchMethodError'{0x0000000710b09e00}: 'java.lang.Object java.lang.invoke.DirectMethodHandle$Holder.invokeStatic(java.lang.Object, java.lang.Object, java.lang.Object, java.lang.Object, java.lang.Object, java.lang.Object, java.lang.Object, java.lang.Object, java.lang.Object, java.lang.Object, java.lang.Object, java.lang.Object, java.lang.Object, java.lang.Object, java.lang.Object, java.lang.Object)'> (0x0000000710b09e00) thrown at [./src/hotspot/share/interpreter/linkResolver.cpp, l
Event: 1.366 Thread 0x000001af94e34800 Exception <a 'java/lang/NoSuchMethodError'{0x0000000710b17d18}: 'java.lang.Object java.lang.invoke.DirectMethodHandle$Holder.invokeSpecial(java.lang.Object, java.lang.Object, int, int, java.lang.Object, java.lang.Object, java.lang.Object)'> (0x0000000710b17d18) thrown at [./src/hotspot/share/interpreter/linkResolver.cpp, line 773]
Event: 1.366 Thread 0x000001af94e34800 Exception <a 'java/lang/NoSuchMethodError'{0x0000000710b1b550}: 'java.lang.Object java.lang.invoke.DelegatingMethodHandle$Holder.reinvoke_L(java.lang.Object, int, int, java.lang.Object, java.lang.Object, java.lang.Object)'> (0x0000000710b1b550) thrown at [./src/hotspot/share/interpreter/linkResolver.cpp, line 773]
Event: 1.367 Thread 0x000001af94e34800 Exception <a 'java/lang/NoSuchMethodError'{0x0000000710b1f8d8}: 'java.lang.Object java.lang.invoke.DirectMethodHandle$Holder.invokeStatic(java.lang.Object, java.lang.Object, java.lang.Object, java.lang.Object, int)'> (0x0000000710b1f8d8) thrown at [./src/hotspot/share/interpreter/linkResolver.cpp, line 773]
Event: 1.402 Thread 0x000001af94e34800 Exception <a 'sun/nio/fs/WindowsException'{0x0000000710ae1b50}> (0x0000000710ae1b50) thrown at [./src/hotspot/share/prims/jni.cpp, line 615]
Event: 1.402 Thread 0x000001af94e34800 Exception <a 'sun/nio/fs/WindowsException'{0x0000000710ae2428}> (0x0000000710ae2428) thrown at [./src/hotspot/share/prims/jni.cpp, line 615]
Event: 1.403 Thread 0x000001af94e34800 Exception <a 'sun/nio/fs/WindowsException'{0x0000000710ae2d10}> (0x0000000710ae2d10) thrown at [./src/hotspot/share/prims/jni.cpp, line 615]
Event: 1.403 Thread 0x000001af94e34800 Exception <a 'sun/nio/fs/WindowsException'{0x0000000710ae3788}> (0x0000000710ae3788) thrown at [./src/hotspot/share/prims/jni.cpp, line 615]
Event: 1.403 Thread 0x000001af94e34800 Exception <a 'sun/nio/fs/WindowsException'{0x0000000710ae4110}> (0x0000000710ae4110) thrown at [./src/hotspot/share/prims/jni.cpp, line 615]
Event: 1.403 Thread 0x000001af94e34800 Exception <a 'sun/nio/fs/WindowsException'{0x0000000710ae4ac8}> (0x0000000710ae4ac8) thrown at [./src/hotspot/share/prims/jni.cpp, line 615]
Event: 1.405 Thread 0x000001af94e34800 Exception <a 'java/lang/NoSuchMethodError'{0x0000000710aeb908}: 'void java.lang.invoke.DirectMethodHandle$Holder.invokeStatic(java.lang.Object, java.lang.Object, java.lang.Object, java.lang.Object)'> (0x0000000710aeb908) thrown at [./src/hotspot/share/interpreter/linkResolver.cpp, line 773]
Event: 1.456 Thread 0x000001af94e34800 Exception <a 'java/lang/NoSuchMethodError'{0x00000007106d0320}: 'void java.lang.invoke.DirectMethodHandle$Holder.invokeStaticInit(java.lang.Object, java.lang.Object)'> (0x00000007106d0320) thrown at [./src/hotspot/share/interpreter/linkResolver.cpp, line 773]
Event: 1.526 Thread 0x000001af94e34800 Exception <a 'java/lang/NoSuchMethodError'{0x000000071017ad58}: 'void java.lang.invoke.DirectMethodHandle$Holder.invokeVirtual(java.lang.Object, java.lang.Object)'> (0x000000071017ad58) thrown at [./src/hotspot/share/interpreter/linkResolver.cpp, line 773]
Event: 1.533 Thread 0x000001af94e34800 Exception <a 'java/lang/NoSuchMethodError'{0x00000007101f2130}: 'int java.lang.invoke.DirectMethodHandle$Holder.invokeVirtual(java.lang.Object, java.lang.Object)'> (0x00000007101f2130) thrown at [./src/hotspot/share/interpreter/linkResolver.cpp, line 773]
Event: 2.664 Thread 0x000001af94e34800 Exception <a 'java/lang/NoSuchMethodError'{0x0000000711a71f90}: 'java.lang.Object java.lang.invoke.DirectMethodHandle$Holder.invokeVirtual(java.lang.Object, java.lang.Object, java.lang.Object)'> (0x0000000711a71f90) thrown at [./src/hotspot/share/interpreter/linkResolver.cpp, line 773]
Event: 3.255 Thread 0x000001af94e34800 Exception <a 'java/lang/NoSuchMethodError'{0x000000070f194608}: 'java.lang.Object java.lang.invoke.Invokers$Holder.linkToTargetMethod(java.lang.Object, int, java.lang.Object)'> (0x000000070f194608) thrown at [./src/hotspot/share/interpreter/linkResolver.cpp, line 773]

Events (20 events):
Event: 3.280 loading class org/jetbrains/kotlin/psi/KtPsiUtil done
Event: 3.282 loading class org/jetbrains/kotlin/psi/KtPsiUtil$1
Event: 3.282 loading class org/jetbrains/kotlin/psi/KtPsiUtil$1 done
Event: 3.283 loading class org/jetbrains/kotlin/psi/KtPsiUtil$2
Event: 3.283 loading class org/jetbrains/kotlin/psi/KtPsiUtil$2 done
Event: 3.283 loading class org/jetbrains/kotlin/com/google/common/collect/LinkedHashMultimap$ValueSet
Event: 3.283 loading class org/jetbrains/kotlin/com/google/common/collect/LinkedHashMultimap$ValueSet done
Event: 3.283 loading class org/jetbrains/kotlin/com/google/common/collect/Sets$ImprovedAbstractSet
Event: 3.283 loading class org/jetbrains/kotlin/com/google/common/collect/Sets$ImprovedAbstractSet done
Event: 3.307 loading class org/jetbrains/kotlin/parsing/TruncatedSemanticWhitespaceAwarePsiBuilder
Event: 3.307 loading class org/jetbrains/kotlin/parsing/TruncatedSemanticWhitespaceAwarePsiBuilder done
Event: 3.307 loading class org/jetbrains/kotlin/parsing/SemanticWhitespaceAwarePsiBuilderAdapter
Event: 3.307 loading class org/jetbrains/kotlin/parsing/SemanticWhitespaceAwarePsiBuilderAdapter done
Event: 3.307 Executing VM operation: Deoptimize
Event: 3.308 Executing VM operation: Deoptimize done
Event: 3.324 loading class org/jetbrains/kotlin/com/intellij/psi/impl/source/tree/injected/CommentLiteralEscaper
Event: 3.324 loading class org/jetbrains/kotlin/com/intellij/psi/impl/source/tree/injected/CommentLiteralEscaper done
Event: 3.362 Thread 0x000001afbbed1000 Thread added: 0x000001afbbed1000
Event: 3.366 loading class org/jetbrains/kotlin/parsing/DoNotBindAnything
Event: 3.366 loading class org/jetbrains/kotlin/parsing/DoNotBindAnything done


Dynamic libraries:
0x00007ff73c410000 - 0x00007ff73c41a000 	F:\Program Files\Android Studio\jre\bin\java.exe
0x00007ffd092d0000 - 0x00007ffd094c5000 	C:\WINDOWS\SYSTEM32\ntdll.dll
0x00007ffd07a10000 - 0x00007ffd07acd000 	C:\WINDOWS\System32\KERNEL32.DLL
0x00007ffd06ae0000 - 0x00007ffd06dad000 	C:\WINDOWS\System32\KERNELBASE.dll
0x00007ffd069e0000 - 0x00007ffd06ae0000 	C:\WINDOWS\System32\ucrtbase.dll
0x00007ffcd00a0000 - 0x00007ffcd00b7000 	F:\Program Files\Android Studio\jre\bin\VCRUNTIME140.dll
0x00007ffcf3320000 - 0x00007ffcf3339000 	F:\Program Files\Android Studio\jre\bin\jli.dll
0x00007ffd076b0000 - 0x00007ffd07850000 	C:\WINDOWS\System32\USER32.dll
0x00007ffcf27e0000 - 0x00007ffcf2a7a000 	C:\WINDOWS\WinSxS\amd64_microsoft.windows.common-controls_6595b64144ccf1df_6.0.19041.1110_none_60b5254171f9507e\COMCTL32.dll
0x00007ffd070b0000 - 0x00007ffd070d2000 	C:\WINDOWS\System32\win32u.dll
0x00007ffd07c50000 - 0x00007ffd07cee000 	C:\WINDOWS\System32\msvcrt.dll
0x00007ffd08450000 - 0x00007ffd0847a000 	C:\WINDOWS\System32\GDI32.dll
0x00007ffd07210000 - 0x00007ffd0731b000 	C:\WINDOWS\System32\gdi32full.dll
0x00007ffd070e0000 - 0x00007ffd0717d000 	C:\WINDOWS\System32\msvcp_win.dll
0x00007ffd09260000 - 0x00007ffd09290000 	C:\WINDOWS\System32\IMM32.DLL
0x00007ffcc2300000 - 0x00007ffcc239d000 	F:\Program Files\Android Studio\jre\bin\msvcp140.dll
0x00007ffc53010000 - 0x00007ffc53ae5000 	F:\Program Files\Android Studio\jre\bin\server\jvm.dll
0x00007ffd07ba0000 - 0x00007ffd07c4e000 	C:\WINDOWS\System32\ADVAPI32.dll
0x00007ffd08fa0000 - 0x00007ffd0903c000 	C:\WINDOWS\System32\sechost.dll
0x00007ffd078e0000 - 0x00007ffd07a05000 	C:\WINDOWS\System32\RPCRT4.dll
0x00007ffd07850000 - 0x00007ffd07858000 	C:\WINDOWS\System32\PSAPI.DLL
0x00007ffcf0ee0000 - 0x00007ffcf0f07000 	C:\WINDOWS\SYSTEM32\WINMM.dll
0x00007ffcfea70000 - 0x00007ffcfea7a000 	C:\WINDOWS\SYSTEM32\VERSION.dll
0x00007ffcea630000 - 0x00007ffcea639000 	C:\WINDOWS\SYSTEM32\WSOCK32.dll
0x00007ffd07ad0000 - 0x00007ffd07b3b000 	C:\WINDOWS\System32\WS2_32.dll
0x00007ffd048e0000 - 0x00007ffd048f2000 	C:\WINDOWS\SYSTEM32\kernel.appcore.dll
0x00007ffcf4620000 - 0x00007ffcf4631000 	F:\Program Files\Android Studio\jre\bin\verify.dll
0x00007ffcf05a0000 - 0x00007ffcf0784000 	C:\WINDOWS\SYSTEM32\DBGHELP.DLL
0x00007ffceaaa0000 - 0x00007ffceaacc000 	C:\WINDOWS\SYSTEM32\dbgcore.DLL
0x00007ffd07180000 - 0x00007ffd07202000 	C:\WINDOWS\System32\bcryptPrimitives.dll
0x00007ffcf2620000 - 0x00007ffcf2649000 	F:\Program Files\Android Studio\jre\bin\java.dll
0x00007ffcf4610000 - 0x00007ffcf461b000 	F:\Program Files\Android Studio\jre\bin\jimage.dll
0x00007ffcf3300000 - 0x00007ffcf3318000 	F:\Program Files\Android Studio\jre\bin\zip.dll
0x00007ffd07d00000 - 0x00007ffd08444000 	C:\WINDOWS\System32\SHELL32.dll
0x00007ffd04ae0000 - 0x00007ffd05274000 	C:\WINDOWS\SYSTEM32\windows.storage.dll
0x00007ffd08480000 - 0x00007ffd087d4000 	C:\WINDOWS\System32\combase.dll
0x00007ffd06440000 - 0x00007ffd0646c000 	C:\WINDOWS\SYSTEM32\Wldp.dll
0x00007ffd087e0000 - 0x00007ffd0888d000 	C:\WINDOWS\System32\SHCORE.dll
0x00007ffd074a0000 - 0x00007ffd074f5000 	C:\WINDOWS\System32\shlwapi.dll
0x00007ffd06920000 - 0x00007ffd0693f000 	C:\WINDOWS\SYSTEM32\profapi.dll
0x00007ffcf2600000 - 0x00007ffcf261a000 	F:\Program Files\Android Studio\jre\bin\net.dll
0x00007ffcfedb0000 - 0x00007ffcfeeba000 	C:\WINDOWS\SYSTEM32\WINHTTP.dll
0x00007ffd061a0000 - 0x00007ffd0620a000 	C:\WINDOWS\system32\mswsock.dll
0x00007ffcf25e0000 - 0x00007ffcf25f4000 	F:\Program Files\Android Studio\jre\bin\nio.dll

dbghelp: loaded successfully - version: 4.0.5 - missing functions: none
symbol engine: initialized successfully - sym options: 0x614 - pdb path: .;F:\Program Files\Android Studio\jre\bin;C:\WINDOWS\SYSTEM32;C:\WINDOWS\WinSxS\amd64_microsoft.windows.common-controls_6595b64144ccf1df_6.0.19041.1110_none_60b5254171f9507e;F:\Program Files\Android Studio\jre\bin\server

VM Arguments:
java_command: org.jetbrains.kotlin.cli.jvm.K2JVMCompiler @F:\proyek\Tadzkiir\app\build\20220617_12128565467039824689.compiler.options
java_class_path (initial): F:\AndroidStudioProjects\PuskesAD2\.gradle\caches\modules-2\files-2.1\org.jetbrains.kotlin\kotlin-compiler-embeddable\1.6.10\88f2073f4020cdb83132cfe940ceb9a60aba54ea\kotlin-compiler-embeddable-1.6.10.jar;F:\AndroidStudioProjects\PuskesAD2\.gradle\caches\modules-2\files-2.1\org.jetbrains.kotlin\kotlin-reflect\1.6.10\1cbe9c92c12a94eea200d23c2bbaedaf3daf5132\kotlin-reflect-1.6.10.jar;F:\AndroidStudioProjects\PuskesAD2\.gradle\caches\modules-2\files-2.1\org.jetbrains.kotlin\kotlin-stdlib\1.6.10\b8af3fe6f1ca88526914929add63cf5e7c5049af\kotlin-stdlib-1.6.10.jar;F:\AndroidStudioProjects\PuskesAD2\.gradle\caches\modules-2\files-2.1\org.jetbrains.kotlin\kotlin-script-runtime\1.6.10\d0a7ff2e2500ef497ed0214ae40ad3c8387a6164\kotlin-script-runtime-1.6.10.jar;F:\AndroidStudioProjects\PuskesAD2\.gradle\caches\modules-2\files-2.1\org.jetbrains.kotlin\kotlin-daemon-embeddable\1.6.10\a56d79bcbea411fa6058e4ecffc2de73e742bd2a\kotlin-daemon-embeddable-1.6.10.jar;F:\AndroidStudioProjects\PuskesAD2\.gradle\caches\modules-2\files-2.1\org.jetbrains.intellij.deps\trove4j\1.0.20181211\216c2e14b070f334479d800987affe4054cd563f\trove4j-1.0.20181211.jar;F:\AndroidStudioProjects\PuskesAD2\.gradle\caches\modules-2\files-2.1\net.java.dev.jna\jna\5.6.0\330f2244e9030119ab3030fc3fededc86713d9cc\jna-5.6.0.jar;F:\AndroidStudioProjects\PuskesAD2\.gradle\caches\modules-2\files-2.1\org.jetbrains\annotations\13.0\919f0dfe192fb4e063e7dacadee7f8bb9a2672a9\annotations-13.0.jar;F:\AndroidStudioProjects\PuskesAD2\.gradle\caches\modules-2\files-2.1\org.jetbrains.kotlin\kotlin-stdlib-common\1.6.10\c118700e3a33c8a0d9adc920e9dec0831171925\kotlin-stdlib-common-1.6.10.jar
Launcher Type: SUN_STANDARD

[Global flags]
     intx CICompilerCount                          = 4                                         {product} {ergonomic}
     uint ConcGCThreads                            = 2                                         {product} {ergonomic}
     uint G1ConcRefinementThreads                  = 8                                         {product} {ergonomic}
   size_t G1HeapRegionSize                         = 1048576                                   {product} {ergonomic}
    uintx GCDrainStackTargetSize                   = 64                                        {product} {ergonomic}
   size_t InitialHeapSize                          = 268435456                                 {product} {ergonomic}
   size_t MarkStackSize                            = 4194304                                   {product} {ergonomic}
   size_t MaxHeapSize                              = 4265607168                                {product} {ergonomic}
   size_t MaxNewSize                               = 2558525440                                {product} {ergonomic}
   size_t MinHeapDeltaBytes                        = 1048576                                   {product} {ergonomic}
    uintx NonNMethodCodeHeapSize                   = 5836300                                {pd product} {ergonomic}
    uintx NonProfiledCodeHeapSize                  = 122910970                              {pd product} {ergonomic}
    uintx ProfiledCodeHeapSize                     = 122910970                              {pd product} {ergonomic}
    uintx ReservedCodeCacheSize                    = 251658240                              {pd product} {ergonomic}
     bool SegmentedCodeCache                       = true                                      {product} {ergonomic}
     bool UseCompressedClassPointers               = true                                 {lp64_product} {ergonomic}
     bool UseCompressedOops                        = true                                 {lp64_product} {ergonomic}
     bool UseG1GC                                  = true                                      {product} {ergonomic}
     bool UseLargePagesIndividualAllocation        = false                                  {pd product} {ergonomic}

Logging:
Log output configuration:
 #0: stdout all=warning uptime,level,tags
 #1: stderr all=off uptime,level,tags

Environment Variables:
JAVA_HOME=C:\Program Files\Java\jdk-17.0.1
PATH=C:\Program Files (x86)\Razer Chroma SDK\bin;C:\Program Files\Razer Chroma SDK\bin;C:\Program Files (x86)\Razer\ChromaBroadcast\bin;C:\Program Files\Razer\ChromaBroadcast\bin;C:\Program Files (x86)\Common Files\Oracle\Java\javapath;C:\Program Files\Java\jdk-17.0.1;C:\Program Files\Java\jdk-17.0.1\bin;C:\Program Files\Java\jdk-11.0.8;C:\Python39\Scripts\;C:\Python39\;C:\Windows\system32;C:\Windows;C:\Windows\System32\Wbem;C:\Windows\System32\WindowsPowerShell\v1.0\;C:\Windows\System32\OpenSSH\;C:\Program Files (x86)\NVIDIA Corporation\PhysX\Common;C:\Program Files\NVIDIA Corporation\NVIDIA NvDLISR;C:\WINDOWS\system32;C:\WINDOWS;C:\WINDOWS\System32\Wbem;C:\WINDOWS\System32\WindowsPowerShell\v1.0\;C:\WINDOWS\System32\OpenSSH\;C:\Program Files (x86)\EaseUS\Todo Backup\bin;C:\Program Files\Java\jdk-16.0.1\bin;C:\Program Files\Git\cmd;C:\Program Files\Java\jdk-16.0.1;D:\Go\bin;C:\ProgramData\chocolatey\bin;F:\Program Files\kotlinc\bin;F:\Program Files\kotlin-native-prebuilt-windows-1.4.21\bin;C:\Program Files\dotnet\;F:\PHP;C:\ProgramData\ComposerSetup\bin;F:\gradle-7.1\bin;D:\Program Files\PuTTY\;D:\Program Files\nodejs\;C:\Program Files\WireGuard\;D:\src\flutter\bin;D:\Program Files\MongoDB\Server\5.0\bin\;C:\-Data\Users\Naufal.NAUFAL16\AppData\Local\Microsoft\WindowsApps;C:\-Data\Users\Naufal.NAUFAL16\AppData\Roaming\Composer\vendor\bin;D:\Program Files (x86)\IntelliJ IDEA 2020.3.3\bin;D:\Downloads\Compressed\platform-tools;C:\-Data\Users\Naufal.NAUFAL16\AppData\Roaming\npm;C:\-Data\Users\Naufal.NAUFAL16\.dotnet\tools;C:\WINDOWS\syswow64\config\systemprofile\AppData\Local\Microsoft\WindowsApps;C:\-Data\Users\Naufal.NAUFAL16\AppData\Local\Microsoft\WindowsApps;C:\-Data\Users\Naufal.NAUFAL16\AppData\Roaming\Composer\vendor\bin;D:\Program Files (x86)\IntelliJ IDEA 2020.3.3\bin;;D:\Downloads\Compressed\platform-tools;C:\-Data\Users\Naufal.NAUFAL16\AppData\Roaming\npm;C:\src\flutter\bin;C:\-Data\Users\Naufal.NAUFAL16\.dotnet\tools
USERNAME=Naufal
OS=Windows_NT
PROCESSOR_IDENTIFIER=Intel64 Family 6 Model 158 Stepping 9, GenuineIntel



---------------  S Y S T E M  ---------------

OS: Windows 10 , 64 bit Build 19041 (10.0.19041.1706)
OS uptime: 13 days 1:04 hours

CPU:total 8 (initial active 8) (4 cores per cpu, 2 threads per core) family 6 model 158 stepping 9 microcode 0xb4, cmov, cx8, fxsr, mmx, sse, sse2, sse3, ssse3, sse4.1, sse4.2, popcnt, avx, avx2, aes, clmul, erms, 3dnowpref, lzcnt, ht, tsc, tscinvbit, bmi1, bmi2, adx, fma

Memory: 4k page, system-wide physical 16268M (2000M free)
TotalPageFile size 24278M (AvailPageFile size 5M)
current process WorkingSet (physical memory assigned to process): 239M, peak: 240M
current process commit charge ("private bytes"): 445M, peak: 448M

vm_info: OpenJDK 64-Bit Server VM (11.0.11+9-b60-7590822) for windows-amd64 JRE (11.0.11+9-b60-7590822), built on Jul 29 2021 21:43:44 by "builder" with MS VC++ 14.0 (VS2015)

END.
