#
# There is insufficient memory for the Java Runtime Environment to continue.
# Native memory allocation (malloc) failed to allocate 1048576 bytes for AllocateHeap
# Possible reasons:
#   The system is out of physical RAM or swap space
#   The process is running with CompressedOops enabled, and the Java Heap may be blocking the growth of the native heap
# Possible solutions:
#   Reduce memory load on the system
#   Increase physical memory or swap space
#   Check if swap backing store is full
#   Decrease Java heap size (-Xmx/-Xms)
#   Decrease number of Java threads
#   Decrease Java thread stack sizes (-Xss)
#   Set larger code cache with -XX:ReservedCodeCacheSize=
# This output file may be truncated or incomplete.
#
#  Out of Memory Error (./src/hotspot/share/memory/allocation.cpp:46), pid=10696, tid=23976
#
# JRE version:  (11.0.11+9) (build )
# Java VM: OpenJDK 64-Bit Server VM (11.0.11+9-b60-7590822, mixed mode, sharing, tiered, compressed oops, g1 gc, windows-amd64)
# No core dump will be written. Minidumps are not enabled by default on client versions of Windows
#

---------------  S U M M A R Y ------------

Command Line: org.jetbrains.kotlin.cli.jvm.K2JVMCompiler @F:\proyek\Tadzkiir\app\build\20220622_14811632929514457868.compiler.options

Host: Intel(R) Core(TM) i7-7700HQ CPU @ 2.80GHz, 8 cores, 15G,  Windows 10 , 64 bit Build 19041 (10.0.19041.1706)
Time: Wed Jun 22 11:55:59 2022 SE Asia Standard Time elapsed time: 0.020327 seconds (0d 0h 0m 0s)

---------------  T H R E A D  ---------------

Current thread (0x000001f82a1df000):  JavaThread "Unknown thread" [_thread_in_vm, id=23976, stack(0x00000067eee00000,0x00000067eef00000)]

Stack: [0x00000067eee00000,0x00000067eef00000]
Native frames: (J=compiled Java code, j=interpreted, Vv=VM code, C=native code)
V  [jvm.dll+0x5f214a]
V  [jvm.dll+0x726fb5]
V  [jvm.dll+0x7285cd]
V  [jvm.dll+0x728c83]
V  [jvm.dll+0x243278]
V  [jvm.dll+0xb3a34]
V  [jvm.dll+0x2e1607]
V  [jvm.dll+0x2da7fa]
V  [jvm.dll+0x705ba7]
V  [jvm.dll+0x70739c]
V  [jvm.dll+0x3598f9]
V  [jvm.dll+0x6e931e]
V  [jvm.dll+0x3c1c43]
V  [jvm.dll+0x3c3e81]
C  [jli.dll+0x5373]
C  [ucrtbase.dll+0x21bb2]
C  [KERNEL32.DLL+0x17034]
C  [ntdll.dll+0x52651]


---------------  P R O C E S S  ---------------

Threads class SMR info:
_java_thread_list=0x000001f82a025ee0, length=0, elements={
}

Java Threads: ( => current thread )

Other Threads:
  0x000001f82a1f7000 GCTaskThread "GC Thread#0" [stack: 0x00000067eef00000,0x00000067ef000000] [id=5988]

[error occurred during error reporting (printing all threads), id 0xc0000005, EXCEPTION_ACCESS_VIOLATION (0xc0000005) at pc=0x00007ffa7de369d0]

VM state:not at safepoint (not fully initialized)

VM Mutex/Monitor currently owned by a thread:  ([mutex/lock_event])
[0x000001f82a1dd0c0] Heap_lock - owner thread: 0x000001f82a1df000

Heap address: 0x0000000701c00000, size: 4068 MB, Compressed Oops mode: Non-zero based: 0x0000000701c00000
Narrow klass base: 0x0000000000000000, Narrow klass shift: 0

GC Heap History (0 events):
No events

Deoptimization events (0 events):
No events

Classes redefined (0 events):
No events

Internal exceptions (0 events):
No events

Events (1 events):
Event: 0.014 Loaded shared library F:\Program Files\Android Studio\jre\bin\zip.dll


Dynamic libraries:
0x00007ff6d5320000 - 0x00007ff6d532a000 	F:\Program Files\Android Studio\jre\bin\java.exe
0x00007ffb3e470000 - 0x00007ffb3e665000 	C:\WINDOWS\SYSTEM32\ntdll.dll
0x00007ffb3c8b0000 - 0x00007ffb3c96d000 	C:\WINDOWS\System32\KERNEL32.DLL
0x00007ffb3bda0000 - 0x00007ffb3c06d000 	C:\WINDOWS\System32\KERNELBASE.dll
0x00007ffb3c180000 - 0x00007ffb3c280000 	C:\WINDOWS\System32\ucrtbase.dll
0x00007ffb292e0000 - 0x00007ffb292f7000 	F:\Program Files\Android Studio\jre\bin\VCRUNTIME140.dll
0x00007ffb35770000 - 0x00007ffb35789000 	F:\Program Files\Android Studio\jre\bin\jli.dll
0x00007ffb3d690000 - 0x00007ffb3d830000 	C:\WINDOWS\System32\USER32.dll
0x00007ffb276c0000 - 0x00007ffb2795a000 	C:\WINDOWS\WinSxS\amd64_microsoft.windows.common-controls_6595b64144ccf1df_6.0.19041.1110_none_60b5254171f9507e\COMCTL32.dll
0x00007ffb3bc10000 - 0x00007ffb3bc32000 	C:\WINDOWS\System32\win32u.dll
0x00007ffb3c640000 - 0x00007ffb3c6de000 	C:\WINDOWS\System32\msvcrt.dll
0x00007ffb3d830000 - 0x00007ffb3d85a000 	C:\WINDOWS\System32\GDI32.dll
0x00007ffb3c070000 - 0x00007ffb3c17b000 	C:\WINDOWS\System32\gdi32full.dll
0x00007ffb3c330000 - 0x00007ffb3c3cd000 	C:\WINDOWS\System32\msvcp_win.dll
0x00007ffb3e2b0000 - 0x00007ffb3e2e0000 	C:\WINDOWS\System32\IMM32.DLL
0x00007ffa908e0000 - 0x00007ffa9097d000 	F:\Program Files\Android Studio\jre\bin\msvcp140.dll
0x00007ffa7db50000 - 0x00007ffa7e625000 	F:\Program Files\Android Studio\jre\bin\server\jvm.dll
0x00007ffb3ca90000 - 0x00007ffb3cb3e000 	C:\WINDOWS\System32\ADVAPI32.dll
0x00007ffb3e390000 - 0x00007ffb3e42c000 	C:\WINDOWS\System32\sechost.dll
0x00007ffb3d560000 - 0x00007ffb3d685000 	C:\WINDOWS\System32\RPCRT4.dll
0x00007ffb3cb40000 - 0x00007ffb3cb48000 	C:\WINDOWS\System32\PSAPI.DLL
0x00007ffb25e10000 - 0x00007ffb25e37000 	C:\WINDOWS\SYSTEM32\WINMM.dll
0x00007ffb21770000 - 0x00007ffb21779000 	C:\WINDOWS\SYSTEM32\WSOCK32.dll
0x00007ffb399d0000 - 0x00007ffb399da000 	C:\WINDOWS\SYSTEM32\VERSION.dll
0x00007ffb3cb70000 - 0x00007ffb3cbdb000 	C:\WINDOWS\System32\WS2_32.dll
0x00007ffb39c60000 - 0x00007ffb39c72000 	C:\WINDOWS\SYSTEM32\kernel.appcore.dll
0x00007ffb35a60000 - 0x00007ffb35a71000 	F:\Program Files\Android Studio\jre\bin\verify.dll
0x00007ffb254d0000 - 0x00007ffb256b4000 	C:\WINDOWS\SYSTEM32\DBGHELP.DLL
0x00007ffb22a30000 - 0x00007ffb22a5c000 	C:\WINDOWS\SYSTEM32\dbgcore.DLL
0x00007ffb3bb80000 - 0x00007ffb3bc02000 	C:\WINDOWS\System32\bcryptPrimitives.dll
0x00007ffb35860000 - 0x00007ffb35889000 	F:\Program Files\Android Studio\jre\bin\java.dll
0x00007ffb39a50000 - 0x00007ffb39a5b000 	F:\Program Files\Android Studio\jre\bin\jimage.dll
0x00007ffb35a40000 - 0x00007ffb35a58000 	F:\Program Files\Android Studio\jre\bin\zip.dll

dbghelp: loaded successfully - version: 4.0.5 - missing functions: none
symbol engine: initialized successfully - sym options: 0x614 - pdb path: .;F:\Program Files\Android Studio\jre\bin;C:\WINDOWS\SYSTEM32;C:\WINDOWS\WinSxS\amd64_microsoft.windows.common-controls_6595b64144ccf1df_6.0.19041.1110_none_60b5254171f9507e;F:\Program Files\Android Studio\jre\bin\server

VM Arguments:
java_command: org.jetbrains.kotlin.cli.jvm.K2JVMCompiler @F:\proyek\Tadzkiir\app\build\20220622_14811632929514457868.compiler.options
java_class_path (initial): F:\AndroidStudioProjects\PuskesAD2\.gradle\caches\modules-2\files-2.1\org.jetbrains.kotlin\kotlin-compiler-embeddable\1.6.10\88f2073f4020cdb83132cfe940ceb9a60aba54ea\kotlin-compiler-embeddable-1.6.10.jar;F:\AndroidStudioProjects\PuskesAD2\.gradle\caches\modules-2\files-2.1\org.jetbrains.kotlin\kotlin-reflect\1.6.10\1cbe9c92c12a94eea200d23c2bbaedaf3daf5132\kotlin-reflect-1.6.10.jar;F:\AndroidStudioProjects\PuskesAD2\.gradle\caches\modules-2\files-2.1\org.jetbrains.kotlin\kotlin-stdlib\1.6.10\b8af3fe6f1ca88526914929add63cf5e7c5049af\kotlin-stdlib-1.6.10.jar;F:\AndroidStudioProjects\PuskesAD2\.gradle\caches\modules-2\files-2.1\org.jetbrains.kotlin\kotlin-script-runtime\1.6.10\d0a7ff2e2500ef497ed0214ae40ad3c8387a6164\kotlin-script-runtime-1.6.10.jar;F:\AndroidStudioProjects\PuskesAD2\.gradle\caches\modules-2\files-2.1\org.jetbrains.kotlin\kotlin-daemon-embeddable\1.6.10\a56d79bcbea411fa6058e4ecffc2de73e742bd2a\kotlin-daemon-embeddable-1.6.10.jar;F:\AndroidStudioProjects\PuskesAD2\.gradle\caches\modules-2\files-2.1\org.jetbrains.intellij.deps\trove4j\1.0.20181211\216c2e14b070f334479d800987affe4054cd563f\trove4j-1.0.20181211.jar;F:\AndroidStudioProjects\PuskesAD2\.gradle\caches\modules-2\files-2.1\net.java.dev.jna\jna\5.6.0\330f2244e9030119ab3030fc3fededc86713d9cc\jna-5.6.0.jar;F:\AndroidStudioProjects\PuskesAD2\.gradle\caches\modules-2\files-2.1\org.jetbrains\annotations\13.0\919f0dfe192fb4e063e7dacadee7f8bb9a2672a9\annotations-13.0.jar;F:\AndroidStudioProjects\PuskesAD2\.gradle\caches\modules-2\files-2.1\org.jetbrains.kotlin\kotlin-stdlib-common\1.6.10\c118700e3a33c8a0d9adc920e9dec0831171925\kotlin-stdlib-common-1.6.10.jar
Launcher Type: SUN_STANDARD

[Global flags]
     intx CICompilerCount                          = 4                                         {product} {ergonomic}
     uint ConcGCThreads                            = 2                                         {product} {ergonomic}
     uint G1ConcRefinementThreads                  = 8                                         {product} {ergonomic}
   size_t G1HeapRegionSize                         = 1048576                                   {product} {ergonomic}
    uintx GCDrainStackTargetSize                   = 64                                        {product} {ergonomic}
   size_t InitialHeapSize                          = 268435456                                 {product} {ergonomic}
   size_t MarkStackSize                            = 4194304                                   {product} {ergonomic}
   size_t MaxHeapSize                              = 4265607168                                {product} {ergonomic}
   size_t MinHeapDeltaBytes                        = 1048576                                   {product} {ergonomic}
    uintx NonNMethodCodeHeapSize                   = 5836300                                {pd product} {ergonomic}
    uintx NonProfiledCodeHeapSize                  = 122910970                              {pd product} {ergonomic}
    uintx ProfiledCodeHeapSize                     = 122910970                              {pd product} {ergonomic}
    uintx ReservedCodeCacheSize                    = 251658240                              {pd product} {ergonomic}
     bool SegmentedCodeCache                       = true                                      {product} {ergonomic}
     bool UseCompressedClassPointers               = true                                 {lp64_product} {ergonomic}
     bool UseCompressedOops                        = true                                 {lp64_product} {ergonomic}
     bool UseG1GC                                  = true                                      {product} {ergonomic}
     bool UseLargePagesIndividualAllocation        = false                                  {pd product} {ergonomic}

Logging:
Log output configuration:
 #0: stdout all=warning uptime,level,tags
 #1: stderr all=off uptime,level,tags

Environment Variables:
JAVA_HOME=C:\Program Files\Java\jdk-17.0.1
PATH=C:\Program Files (x86)\Razer Chroma SDK\bin;C:\Program Files\Razer Chroma SDK\bin;C:\Program Files (x86)\Razer\ChromaBroadcast\bin;C:\Program Files\Razer\ChromaBroadcast\bin;C:\Program Files (x86)\Common Files\Oracle\Java\javapath;C:\Program Files\Java\jdk-17.0.1;C:\Program Files\Java\jdk-17.0.1\bin;C:\Program Files\Java\jdk-11.0.8;C:\Python39\Scripts\;C:\Python39\;C:\Windows\system32;C:\Windows;C:\Windows\System32\Wbem;C:\Windows\System32\WindowsPowerShell\v1.0\;C:\Windows\System32\OpenSSH\;C:\Program Files (x86)\NVIDIA Corporation\PhysX\Common;C:\Program Files\NVIDIA Corporation\NVIDIA NvDLISR;C:\WINDOWS\system32;C:\WINDOWS;C:\WINDOWS\System32\Wbem;C:\WINDOWS\System32\WindowsPowerShell\v1.0\;C:\WINDOWS\System32\OpenSSH\;C:\Program Files (x86)\EaseUS\Todo Backup\bin;C:\Program Files\Java\jdk-16.0.1\bin;C:\Program Files\Git\cmd;C:\Program Files\Java\jdk-16.0.1;D:\Go\bin;C:\ProgramData\chocolatey\bin;F:\Program Files\kotlinc\bin;F:\Program Files\kotlin-native-prebuilt-windows-1.4.21\bin;C:\Program Files\dotnet\;F:\PHP;C:\ProgramData\ComposerSetup\bin;F:\gradle-7.1\bin;D:\Program Files\PuTTY\;D:\Program Files\nodejs\;C:\Program Files\WireGuard\;D:\src\flutter\bin;D:\Program Files\MongoDB\Server\5.0\bin\;C:\-Data\Users\Naufal.NAUFAL16\AppData\Local\Microsoft\WindowsApps;C:\-Data\Users\Naufal.NAUFAL16\AppData\Roaming\Composer\vendor\bin;D:\Program Files (x86)\IntelliJ IDEA 2020.3.3\bin;D:\Downloads\Compressed\platform-tools;C:\-Data\Users\Naufal.NAUFAL16\AppData\Roaming\npm;C:\-Data\Users\Naufal.NAUFAL16\.dotnet\tools;C:\WINDOWS\syswow64\config\systemprofile\AppData\Local\Microsoft\WindowsApps;C:\-Data\Users\Naufal.NAUFAL16\AppData\Local\Microsoft\WindowsApps;C:\-Data\Users\Naufal.NAUFAL16\AppData\Roaming\Composer\vendor\bin;D:\Program Files (x86)\IntelliJ IDEA 2020.3.3\bin;;D:\Downloads\Compressed\platform-tools;C:\-Data\Users\Naufal.NAUFAL16\AppData\Roaming\npm;C:\src\flutter\bin;C:\-Data\Users\Naufal.NAUFAL16\.dotnet\tools
USERNAME=Naufal
OS=Windows_NT
PROCESSOR_IDENTIFIER=Intel64 Family 6 Model 158 Stepping 9, GenuineIntel



---------------  S Y S T E M  ---------------

OS: Windows 10 , 64 bit Build 19041 (10.0.19041.1706)
OS uptime: 0 days 22:31 hours

CPU:total 8 (initial active 8) (4 cores per cpu, 2 threads per core) family 6 model 158 stepping 9 microcode 0xb4, cmov, cx8, fxsr, mmx, sse, sse2, sse3, ssse3, sse4.1, sse4.2, popcnt, avx, avx2, aes, clmul, erms, 3dnowpref, lzcnt, ht, tsc, tscinvbit, bmi1, bmi2, adx, fma

Memory: 4k page, system-wide physical 16268M (2111M free)
TotalPageFile size 23219M (AvailPageFile size 3M)
current process WorkingSet (physical memory assigned to process): 10M, peak: 10M
current process commit charge ("private bytes"): 55M, peak: 56M

vm_info: OpenJDK 64-Bit Server VM (11.0.11+9-b60-7590822) for windows-amd64 JRE (11.0.11+9-b60-7590822), built on Jul 29 2021 21:43:44 by "builder" with MS VC++ 14.0 (VS2015)

END.
